#
# There is insufficient memory for the Java Runtime Environment to continue.
# Native memory allocation (malloc) failed to allocate 1608896 bytes for Chunk::new
# Possible reasons:
#   The system is out of physical RAM or swap space
#   The process is running with CompressedOops enabled, and the Java Heap may be blocking the growth of the native heap
# Possible solutions:
#   Reduce memory load on the system
#   Increase physical memory or swap space
#   Check if swap backing store is full
#   Decrease Java heap size (-Xmx/-Xms)
#   Decrease number of Java threads
#   Decrease Java thread stack sizes (-Xss)
#   Set larger code cache with -XX:ReservedCodeCacheSize=
#   JVM is running with Unscaled Compressed Oops mode in which the Java heap is
#     placed in the first 4GB address space. The Java Heap base address is the
#     maximum limit for the native heap growth. Please use -XX:HeapBaseMinAddress
#     to set the Java Heap base and to place the Java Heap above 4GB virtual address.
# This output file may be truncated or incomplete.
#
#  Out of Memory Error (allocation.cpp:389), pid=23744, tid=0x0000000000005050
#
# JRE version: Java(TM) SE Runtime Environment (8.0_231-b11) (build 1.8.0_231-b11)
# Java VM: Java HotSpot(TM) 64-Bit Server VM (25.231-b11 mixed mode windows-amd64 compressed oops)
# Failed to write core dump. Minidumps are not enabled by default on client versions of Windows
#

---------------  T H R E A D  ---------------

Current thread (0x0000000019395000):  JavaThread "C2 CompilerThread0" daemon [_thread_in_native, id=20560, stack(0x0000000019a60000,0x0000000019b60000)]

Stack: [0x0000000019a60000,0x0000000019b60000]
[error occurred during error reporting (printing stack bounds), id 0xc0000005]

Native frames: (J=compiled Java code, j=interpreted, Vv=VM code, C=native code)


Current CompileTask:
C2:   4148 1490   !   4       java.net.URLClassLoader$1::run (63 bytes)


---------------  P R O C E S S  ---------------

Java Threads: ( => current thread )
  0x0000000019422800 JavaThread "Service Thread" daemon [_thread_blocked, id=22696, stack(0x0000000019d60000,0x0000000019e60000)]
  0x000000001939b800 JavaThread "C1 CompilerThread2" daemon [_thread_blocked, id=16852, stack(0x0000000019c60000,0x0000000019d60000)]
  0x0000000019398800 JavaThread "C2 CompilerThread1" daemon [_thread_in_native, id=21252, stack(0x0000000019b60000,0x0000000019c60000)]
=>0x0000000019395000 JavaThread "C2 CompilerThread0" daemon [_thread_in_native, id=20560, stack(0x0000000019a60000,0x0000000019b60000)]
  0x0000000019393800 JavaThread "Monitor Ctrl-Break" daemon [_thread_in_native, id=18640, stack(0x0000000019960000,0x0000000019a60000)]
  0x000000001805c000 JavaThread "Attach Listener" daemon [_thread_blocked, id=23216, stack(0x0000000019860000,0x0000000019960000)]
  0x0000000018059800 JavaThread "Signal Dispatcher" daemon [_thread_blocked, id=24200, stack(0x0000000019760000,0x0000000019860000)]
  0x000000000350b000 JavaThread "Finalizer" daemon [_thread_blocked, id=24228, stack(0x0000000019260000,0x0000000019360000)]
  0x0000000003502800 JavaThread "Reference Handler" daemon [_thread_blocked, id=24204, stack(0x0000000019160000,0x0000000019260000)]
  0x0000000003412800 JavaThread "main" [_thread_in_vm, id=24220, stack(0x0000000002d50000,0x0000000002e50000)]

Other Threads:
  0x0000000017fc7000 VMThread [stack: 0x0000000019060000,0x0000000019160000] [id=24248]
  0x0000000019443000 WatcherThread [stack: 0x0000000019e60000,0x0000000019f60000] [id=24160]

VM state:not at safepoint (normal execution)

VM Mutex/Monitor currently owned by a thread: None

heap address: 0x0000000082000000, size: 2016 MB, Compressed Oops mode: 32-bit
Narrow klass base: 0x0000000000000000, Narrow klass shift: 3
Compressed class space size: 1073741824 Address: 0x0000000100000000

Heap:
 PSYoungGen      total 37888K, used 29672K [0x00000000d6000000, 0x00000000d8a00000, 0x0000000100000000)
  eden space 32768K, 74% used [0x00000000d6000000,0x00000000d77fc9d0,0x00000000d8000000)
  from space 5120K, 99% used [0x00000000d8500000,0x00000000d89fd710,0x00000000d8a00000)
  to   space 5120K, 0% used [0x00000000d8000000,0x00000000d8000000,0x00000000d8500000)
 ParOldGen       total 86016K, used 2016K [0x0000000082000000, 0x0000000087400000, 0x00000000d6000000)
  object space 86016K, 2% used [0x0000000082000000,0x00000000821f80d8,0x0000000087400000)
 Metaspace       used 14465K, capacity 14756K, committed 14976K, reserved 1062912K
  class space    used 1784K, capacity 1877K, committed 1920K, reserved 1048576K

Card table byte_map: [0x00000000128d0000,0x0000000012cd0000] byte_map_base: 0x00000000124c0000

Marking Bits: (ParMarkBitMap*) 0x00000000682d6d90
 Begin Bits: [0x0000000013370000, 0x00000000152f0000)
 End Bits:   [0x00000000152f0000, 0x0000000017270000)

Polling page: 0x0000000001710000

CodeCache: size=245760Kb used=5724Kb max_used=5724Kb free=240035Kb
 bounds [0x0000000003510000, 0x0000000003ab0000, 0x0000000012510000]
 total_blobs=1989 nmethods=1629 adapters=272
 compilation: enabled

Compilation events (10 events):
Event: 4.098 Thread 0x000000001939b800 1631       1       java.util.Formatter$Flags::valueOf (5 bytes)
Event: 4.098 Thread 0x000000001939b800 nmethod 1631 0x0000000003aa7dd0 code [0x0000000003aa7f20, 0x0000000003aa8030]
Event: 4.107 Thread 0x000000001939b800 1632       3       org.eclipse.sisu.plexus.RealmFilteredBeans$FilteredItr::hasNext (81 bytes)
Event: 4.108 Thread 0x000000001939b800 nmethod 1632 0x0000000003aa8090 code [0x0000000003aa82c0, 0x0000000003aa90b8]
Event: 4.118 Thread 0x000000001939b800 1633       3       java.util.HashMap$KeyIterator::next (8 bytes)
Event: 4.118 Thread 0x000000001939b800 nmethod 1633 0x0000000003aa9750 code [0x0000000003aa98c0, 0x0000000003aa9ac8]
Event: 4.120 Thread 0x000000001939b800 1634       3       java.util.AbstractList$Itr::checkForComodification (23 bytes)
Event: 4.120 Thread 0x000000001939b800 nmethod 1634 0x0000000003aa9b90 code [0x0000000003aa9d00, 0x0000000003aa9f68]
Event: 4.120 Thread 0x000000001939b800 1635   !   3       java.util.AbstractList$Itr::next (45 bytes)
Event: 4.120 Thread 0x000000001939b800 nmethod 1635 0x0000000003aaa090 code [0x0000000003aaa260, 0x0000000003aaa938]

GC Heap History (4 events):
Event: 2.333 GC heap before
{Heap before GC invocations=1 (full 0):
 PSYoungGen      total 37888K, used 32768K [0x00000000d6000000, 0x00000000d8a00000, 0x0000000100000000)
  eden space 32768K, 100% used [0x00000000d6000000,0x00000000d8000000,0x00000000d8000000)
  from space 5120K, 0% used [0x00000000d8500000,0x00000000d8500000,0x00000000d8a00000)
  to   space 5120K, 0% used [0x00000000d8000000,0x00000000d8000000,0x00000000d8500000)
 ParOldGen       total 86016K, used 0K [0x0000000082000000, 0x0000000087400000, 0x00000000d6000000)
  object space 86016K, 0% used [0x0000000082000000,0x0000000082000000,0x0000000087400000)
 Metaspace       used 8881K, capacity 9032K, committed 9088K, reserved 1056768K
  class space    used 1062K, capacity 1116K, committed 1152K, reserved 1048576K
Event: 2.345 GC heap after
Heap after GC invocations=1 (full 0):
 PSYoungGen      total 37888K, used 5110K [0x00000000d6000000, 0x00000000d8a00000, 0x0000000100000000)
  eden space 32768K, 0% used [0x00000000d6000000,0x00000000d6000000,0x00000000d8000000)
  from space 5120K, 99% used [0x00000000d8000000,0x00000000d84fdaf0,0x00000000d8500000)
  to   space 5120K, 0% used [0x00000000d8500000,0x00000000d8500000,0x00000000d8a00000)
 ParOldGen       total 86016K, used 296K [0x0000000082000000, 0x0000000087400000, 0x00000000d6000000)
  object space 86016K, 0% used [0x0000000082000000,0x000000008204a388,0x0000000087400000)
 Metaspace       used 8881K, capacity 9032K, committed 9088K, reserved 1056768K
  class space    used 1062K, capacity 1116K, committed 1152K, reserved 1048576K
}
Event: 3.260 GC heap before
{Heap before GC invocations=2 (full 0):
 PSYoungGen      total 37888K, used 37878K [0x00000000d6000000, 0x00000000d8a00000, 0x0000000100000000)
  eden space 32768K, 100% used [0x00000000d6000000,0x00000000d8000000,0x00000000d8000000)
  from space 5120K, 99% used [0x00000000d8000000,0x00000000d84fdaf0,0x00000000d8500000)
  to   space 5120K, 0% used [0x00000000d8500000,0x00000000d8500000,0x00000000d8a00000)
 ParOldGen       total 86016K, used 296K [0x0000000082000000, 0x0000000087400000, 0x00000000d6000000)
  object space 86016K, 0% used [0x0000000082000000,0x000000008204a388,0x0000000087400000)
 Metaspace       used 11837K, capacity 12116K, committed 12416K, reserved 1060864K
  class space    used 1455K, capacity 1545K, committed 1664K, reserved 1048576K
Event: 3.267 GC heap after
Heap after GC invocations=2 (full 0):
 PSYoungGen      total 37888K, used 5109K [0x00000000d6000000, 0x00000000d8a00000, 0x0000000100000000)
  eden space 32768K, 0% used [0x00000000d6000000,0x00000000d6000000,0x00000000d8000000)
  from space 5120K, 99% used [0x00000000d8500000,0x00000000d89fd710,0x00000000d8a00000)
  to   space 5120K, 0% used [0x00000000d8000000,0x00000000d8000000,0x00000000d8500000)
 ParOldGen       total 86016K, used 2016K [0x0000000082000000, 0x0000000087400000, 0x00000000d6000000)
  object space 86016K, 2% used [0x0000000082000000,0x00000000821f80d8,0x0000000087400000)
 Metaspace       used 11837K, capacity 12116K, committed 12416K, reserved 1060864K
  class space    used 1455K, capacity 1545K, committed 1664K, reserved 1048576K
}

Deoptimization events (10 events):
Event: 2.720 Thread 0x0000000003412800 Uncommon trap: reason=unstable_if action=reinterpret pc=0x00000000037a46bc method=java.util.HashMap.getNode(ILjava/lang/Object;)Ljava/util/HashMap$Node; @ 129
Event: 2.720 Thread 0x0000000003412800 Uncommon trap: reason=class_check action=maybe_recompile pc=0x00000000038942c4 method=java.util.HashMap.putVal(ILjava/lang/Object;Ljava/lang/Object;ZZ)Ljava/lang/Object; @ 203
Event: 2.944 Thread 0x0000000003412800 Uncommon trap: reason=unstable_if action=reinterpret pc=0x00000000037a8448 method=java.util.HashMap.getNode(ILjava/lang/Object;)Ljava/util/HashMap$Node; @ 129
Event: 2.944 Thread 0x0000000003412800 Uncommon trap: reason=class_check action=maybe_recompile pc=0x00000000038942c4 method=java.util.HashMap.putVal(ILjava/lang/Object;Ljava/lang/Object;ZZ)Ljava/lang/Object; @ 203
Event: 2.962 Thread 0x0000000003412800 Uncommon trap: reason=class_check action=maybe_recompile pc=0x00000000038942c4 method=java.util.HashMap.putVal(ILjava/lang/Object;Ljava/lang/Object;ZZ)Ljava/lang/Object; @ 203
Event: 3.609 Thread 0x0000000003412800 Uncommon trap: reason=class_check action=maybe_recompile pc=0x00000000038942c4 method=java.util.HashMap.putVal(ILjava/lang/Object;Ljava/lang/Object;ZZ)Ljava/lang/Object; @ 203
Event: 3.609 Thread 0x0000000003412800 Uncommon trap: reason=class_check action=maybe_recompile pc=0x000000000389adb0 method=java.util.HashMap.putVal(ILjava/lang/Object;Ljava/lang/Object;ZZ)Ljava/lang/Object; @ 203
Event: 3.695 Thread 0x0000000003412800 Uncommon trap: reason=unstable_if action=reinterpret pc=0x00000000038c0734 method=java.util.concurrent.ConcurrentHashMap.putVal(Ljava/lang/Object;Ljava/lang/Object;Z)Ljava/lang/Object; @ 206
Event: 3.924 Thread 0x0000000003412800 Uncommon trap: reason=null_check action=make_not_entrant pc=0x00000000036ccee0 method=java.lang.String.equals(Ljava/lang/Object;)Z @ 8
Event: 3.944 Thread 0x0000000003412800 Uncommon trap: reason=unstable_if action=reinterpret pc=0x000000000384afb0 method=org.codehaus.plexus.util.xml.pull.MXParser.parseStartTag()I @ 443

Classes redefined (0 events):
No events

Internal exceptions (10 events):
Event: 2.271 Thread 0x0000000003412800 Exception <a 'java/lang/ArrayIndexOutOfBoundsException'> (0x00000000d7a29dc8) thrown at [C:\re\workspace\8-2-build-windows-amd64-cygwin\jdk8u231\13620\hotspot\src\share\vm\runtime\sharedRuntime.cpp, line 605]
Event: 2.271 Thread 0x0000000003412800 Exception <a 'java/lang/ArrayIndexOutOfBoundsException'> (0x00000000d7a2b100) thrown at [C:\re\workspace\8-2-build-windows-amd64-cygwin\jdk8u231\13620\hotspot\src\share\vm\runtime\sharedRuntime.cpp, line 605]
Event: 2.271 Thread 0x0000000003412800 Exception <a 'java/lang/ArrayIndexOutOfBoundsException'> (0x00000000d7a2be88) thrown at [C:\re\workspace\8-2-build-windows-amd64-cygwin\jdk8u231\13620\hotspot\src\share\vm\runtime\sharedRuntime.cpp, line 605]
Event: 2.271 Thread 0x0000000003412800 Exception <a 'java/lang/ArrayIndexOutOfBoundsException'> (0x00000000d7a2d360) thrown at [C:\re\workspace\8-2-build-windows-amd64-cygwin\jdk8u231\13620\hotspot\src\share\vm\runtime\sharedRuntime.cpp, line 605]
Event: 2.559 Thread 0x0000000003412800 Exception <a 'java/lang/ArrayIndexOutOfBoundsException': 73> (0x00000000d65c4c28) thrown at [C:\re\workspace\8-2-build-windows-amd64-cygwin\jdk8u231\13620\hotspot\src\share\vm\interpreter\interpreterRuntime.cpp, line 368]
Event: 2.560 Thread 0x0000000003412800 Exception <a 'java/lang/ArrayIndexOutOfBoundsException': 131> (0x00000000d65c65d0) thrown at [C:\re\workspace\8-2-build-windows-amd64-cygwin\jdk8u231\13620\hotspot\src\share\vm\interpreter\interpreterRuntime.cpp, line 368]
Event: 3.719 Thread 0x0000000003412800 Exception <a 'java/lang/NoClassDefFoundError': com/google/inject/servlet/ServletModuleTargetVisitor> (0x00000000d6f02248) thrown at [C:\re\workspace\8-2-build-windows-amd64-cygwin\jdk8u231\13620\hotspot\src\share\vm\classfile\systemDictionary.cpp, line 19
Event: 3.719 Thread 0x0000000003412800 Exception <a 'java/lang/NoClassDefFoundError'> (0x00000000d6f02248) thrown at [C:\re\workspace\8-2-build-windows-amd64-cygwin\jdk8u231\13620\hotspot\src\share\vm\prims\jvm.cpp, line 1506]
Event: 3.720 Thread 0x0000000003412800 Exception <a 'java/lang/NoClassDefFoundError': javax/annotation/Priority> (0x00000000d6f06b78) thrown at [C:\re\workspace\8-2-build-windows-amd64-cygwin\jdk8u231\13620\hotspot\src\share\vm\classfile\systemDictionary.cpp, line 199]
Event: 3.924 Thread 0x0000000003412800 Implicit null exception at 0x00000000036ccd18 to 0x00000000036cced1

Events (10 events):
Event: 4.122 loading class org/eclipse/aether/util/graph/transformer/JavaDependencyContextRefiner
Event: 4.122 loading class org/eclipse/aether/util/graph/transformer/JavaDependencyContextRefiner done
Event: 4.122 loading class org/eclipse/aether/util/artifact/DefaultArtifactTypeRegistry
Event: 4.122 loading class org/eclipse/aether/util/artifact/DefaultArtifactTypeRegistry done
Event: 4.123 loading class org/eclipse/aether/util/artifact/SimpleArtifactTypeRegistry
Event: 4.123 loading class org/eclipse/aether/util/artifact/SimpleArtifactTypeRegistry done
Event: 4.123 loading class org/eclipse/aether/artifact/DefaultArtifactType
Event: 4.123 loading class org/eclipse/aether/artifact/DefaultArtifactType done
Event: 4.123 loading class org/eclipse/aether/util/repository/SimpleArtifactDescriptorPolicy
Event: 4.123 loading class org/eclipse/aether/util/repository/SimpleArtifactDescriptorPolicy done


Dynamic libraries:
0x00007ff7f2160000 - 0x00007ff7f2197000 	C:\Program Files\Java\jdk1.8.0_231\bin\java.exe
0x00007ffd386a0000 - 0x00007ffd38890000 	C:\WINDOWS\SYSTEM32\ntdll.dll
0x00007ffd37530000 - 0x00007ffd375e2000 	C:\WINDOWS\System32\KERNEL32.DLL
0x00007ffd356e0000 - 0x00007ffd35983000 	C:\WINDOWS\System32\KERNELBASE.dll
0x00007ffd38280000 - 0x00007ffd38323000 	C:\WINDOWS\System32\ADVAPI32.dll
0x00007ffd36da0000 - 0x00007ffd36e3e000 	C:\WINDOWS\System32\msvcrt.dll
0x00007ffd384a0000 - 0x00007ffd38537000 	C:\WINDOWS\System32\sechost.dll
0x00007ffd38540000 - 0x00007ffd38660000 	C:\WINDOWS\System32\RPCRT4.dll
0x00007ffd36bf0000 - 0x00007ffd36d84000 	C:\WINDOWS\System32\USER32.dll
0x00007ffd35c00000 - 0x00007ffd35c21000 	C:\WINDOWS\System32\win32u.dll
0x00007ffd36750000 - 0x00007ffd36776000 	C:\WINDOWS\System32\GDI32.dll
0x00007ffd35d30000 - 0x00007ffd35ec4000 	C:\WINDOWS\System32\gdi32full.dll
0x00007ffd35ae0000 - 0x00007ffd35b7e000 	C:\WINDOWS\System32\msvcp_win.dll
0x00007ffd35c30000 - 0x00007ffd35d2a000 	C:\WINDOWS\System32\ucrtbase.dll
0x00007ffd20060000 - 0x00007ffd202e5000 	C:\WINDOWS\WinSxS\amd64_microsoft.windows.common-controls_6595b64144ccf1df_6.0.18362.657_none_e6c5b579130e3898\COMCTL32.dll
0x00007ffd37ed0000 - 0x00007ffd38206000 	C:\WINDOWS\System32\combase.dll
0x00007ffd35b80000 - 0x00007ffd35c00000 	C:\WINDOWS\System32\bcryptPrimitives.dll
0x00007ffd38470000 - 0x00007ffd3849e000 	C:\WINDOWS\System32\IMM32.DLL
0x0000000068360000 - 0x0000000068432000 	C:\Program Files\Java\jdk1.8.0_231\jre\bin\msvcr100.dll
0x0000000067ab0000 - 0x0000000068356000 	C:\Program Files\Java\jdk1.8.0_231\jre\bin\server\jvm.dll
0x00007ffd36d90000 - 0x00007ffd36d98000 	C:\WINDOWS\System32\PSAPI.DLL
0x00007ffd34070000 - 0x00007ffd34079000 	C:\WINDOWS\SYSTEM32\WSOCK32.dll
0x00007ffd30f90000 - 0x00007ffd30fb4000 	C:\WINDOWS\SYSTEM32\WINMM.dll
0x00007ffd37a60000 - 0x00007ffd37acf000 	C:\WINDOWS\System32\WS2_32.dll
0x00007ffd28340000 - 0x00007ffd2834a000 	C:\WINDOWS\SYSTEM32\VERSION.dll
0x00007ffd31070000 - 0x00007ffd3109d000 	C:\WINDOWS\SYSTEM32\winmmbase.dll
0x00007ffd35630000 - 0x00007ffd3567a000 	C:\WINDOWS\System32\cfgmgr32.dll
0x00007ffd30680000 - 0x00007ffd3068f000 	C:\Program Files\Java\jdk1.8.0_231\jre\bin\verify.dll
0x00007ffd2efd0000 - 0x00007ffd2eff9000 	C:\Program Files\Java\jdk1.8.0_231\jre\bin\java.dll
0x00007ffd21bb0000 - 0x00007ffd21bd3000 	C:\Program Files\Java\jdk1.8.0_231\jre\bin\instrument.dll
0x00007ffd284e0000 - 0x00007ffd284f6000 	C:\Program Files\Java\jdk1.8.0_231\jre\bin\zip.dll
0x00007ffd36e40000 - 0x00007ffd37525000 	C:\WINDOWS\System32\SHELL32.dll
0x00007ffd36b40000 - 0x00007ffd36be9000 	C:\WINDOWS\System32\shcore.dll
0x00007ffd35f00000 - 0x00007ffd3667f000 	C:\WINDOWS\System32\windows.storage.dll
0x00007ffd355f0000 - 0x00007ffd3560f000 	C:\WINDOWS\System32\profapi.dll
0x00007ffd355a0000 - 0x00007ffd355ea000 	C:\WINDOWS\System32\powrprof.dll
0x00007ffd35570000 - 0x00007ffd35580000 	C:\WINDOWS\System32\UMPDC.dll
0x00007ffd37ad0000 - 0x00007ffd37b22000 	C:\WINDOWS\System32\shlwapi.dll
0x00007ffd35610000 - 0x00007ffd35621000 	C:\WINDOWS\System32\kernel.appcore.dll
0x00007ffd36730000 - 0x00007ffd36747000 	C:\WINDOWS\System32\cryptsp.dll
0x00007ffd21b90000 - 0x00007ffd21baa000 	C:\Program Files\JetBrains\IntelliJ IDEA 2019.3.1\bin\breakgen64.dll
0x00007ffd21b70000 - 0x00007ffd21b8a000 	C:\Program Files\Java\jdk1.8.0_231\jre\bin\net.dll
0x00007ffd34de0000 - 0x00007ffd34e47000 	C:\WINDOWS\system32\mswsock.dll
0x00007ffd34950000 - 0x00007ffd34983000 	C:\WINDOWS\system32\rsaenh.dll
0x00007ffd35ed0000 - 0x00007ffd35ef6000 	C:\WINDOWS\System32\bcrypt.dll
0x00007ffd35490000 - 0x00007ffd354b5000 	C:\WINDOWS\SYSTEM32\USERENV.dll
0x00007ffd34fb0000 - 0x00007ffd34fbc000 	C:\WINDOWS\SYSTEM32\CRYPTBASE.dll
0x00007ffd34af0000 - 0x00007ffd34b2a000 	C:\WINDOWS\SYSTEM32\IPHLPAPI.DLL
0x00007ffd37b30000 - 0x00007ffd37b38000 	C:\WINDOWS\System32\NSI.dll
0x00007ffd2d080000 - 0x00007ffd2d096000 	C:\WINDOWS\SYSTEM32\dhcpcsvc6.DLL
0x00007ffd2d020000 - 0x00007ffd2d03c000 	C:\WINDOWS\SYSTEM32\dhcpcsvc.DLL
0x00007ffd34b30000 - 0x00007ffd34bfa000 	C:\WINDOWS\SYSTEM32\DNSAPI.dll
0x00007ffd1b0b0000 - 0x00007ffd1b0c2000 	C:\Program Files\Java\jdk1.8.0_231\jre\bin\nio.dll
0x00007ffd30fd0000 - 0x00007ffd30fda000 	C:\Users\l8124\AppData\Local\Temp\jansi-1.16-1976280232118657704.dll
0x00007ffd30fc0000 - 0x00007ffd30fca000 	C:\Users\l8124\AppData\Local\Temp\jansi-1.16-6348362891963381285.dll

VM Arguments:
jvm_args: -Dmaven.multiModuleProjectDirectory=D:\JavaSE\travel -DarchetypeCatalog=internal -Dfile.encoding=GB2312 -Dmaven.home=D:\apache-maven-3.5.2 -Dclassworlds.conf=D:\apache-maven-3.5.2\bin\m2.conf -Dmaven.ext.class.path=C:\Program Files\JetBrains\IntelliJ IDEA 2019.3.1\plugins\maven\lib\maven-event-listener.jar -javaagent:C:\Program Files\JetBrains\IntelliJ IDEA 2019.3.1\lib\idea_rt.jar=59239:C:\Program Files\JetBrains\IntelliJ IDEA 2019.3.1\bin 
java_command: org.codehaus.classworlds.Launcher -Didea.version2019.3.1 -s D:\apache-maven-3.5.2\conf\settings.xml clean
java_class_path (initial): D:\apache-maven-3.5.2\boot\plexus-classworlds-2.5.2.jar;C:\Program Files\JetBrains\IntelliJ IDEA 2019.3.1\lib\idea_rt.jar
Launcher Type: SUN_STANDARD

Environment Variables:
JAVA_HOME=C:\Program Files\Java\jdk1.8.0_231
CLASSPATH= .;C:\Program Files\Java\jdk1.8.0_231\lib\dt.jar;C:\Program Files\Java\jdk1.8.0_231\lib\tools.jar;
PATH=C:\Program Files (x86)\Common Files\Oracle\Java\javapath;C:\Program Files\Java\jdk1.8.0_231\bin\;C:\Program Files (x86)\Intel\iCLS Client\;C:\Program Files\Intel\iCLS Client\;C:\Windows\system32;C:\Windows;C:\Windows\System32\Wbem;C:\Windows\System32\WindowsPowerShell\v1.0\;C:\Program Files (x86)\NVIDIA Corporation\PhysX\Common;C:\Program Files (x86)\Intel\Intel(R) Management Engine Components\DAL;C:\Program Files\Intel\Intel(R) Management Engine Components\DAL;C:\Program Files (x86)\Intel\Intel(R) Management Engine Components\IPT;C:\Program Files\Intel\Intel(R) Management Engine Components\IPT;C:\MinGW\bin;C:\WINDOWS\system32;C:\WINDOWS;C:\WINDOWS\System32\Wbem;C:\WINDOWS\System32\WindowsPowerShell\v1.0\;C:\WINDOWS\System32\OpenSSH\;C:\Program Files\NVIDIA Corporation\NVIDIA NvDLISR;C:\WINDOWS\system32;C:\WINDOWS;C:\WINDOWS\System32\Wbem;C:\WINDOWS\System32\WindowsPowerShell\v1.0\;C:\WINDOWS\System32\OpenSSH\;C:\Program Files\Intel\WiFi\bin\;C:\Program Files\Common Files\Intel\WirelessCommon\;D:\apache-maven-3.5.2\bin;C:\Users\l8124\AppData\Local\Microsoft\WindowsApps;C:\MinGW\bin;C:\Users\l8124\AppData\Local\GitHubDesktop\bin;C:\Users\l8124\AppData\Local\BypassRuntm;%USERPROFILE%\AppData\Local\Microsoft\WindowsApps;
USERNAME=l8124
OS=Windows_NT
PROCESSOR_IDENTIFIER=Intel64 Family 6 Model 94 Stepping 3, GenuineIntel



---------------  S Y S T E M  ---------------

OS: Windows 10.0 , 64 bit Build 18362 (10.0.18362.329)

CPU:total 4 (initial active 4) (4 cores per cpu, 1 threads per core) family 6 model 94 stepping 3, cmov, cx8, fxsr, mmx, sse, sse2, sse3, ssse3, sse4.1, sse4.2, popcnt, avx, avx2, aes, clmul, erms, rtm, 3dnowpref, lzcnt, tsc, tscinvbit, bmi1, bmi2, adx

Memory: 4k page, physical 8256092k(1060660k free), swap 8256092k(6012k free)

vm_info: Java HotSpot(TM) 64-Bit Server VM (25.231-b11) for windows-amd64 JRE (1.8.0_231-b11), built on Oct  5 2019 03:11:30 by "java_re" with MS VC++ 10.0 (VS2010)

time: Tue Mar 03 20:04:32 2020
timezone: 中国标准时间
elapsed time: 4 seconds (0d 0h 0m 4s)

