#
# There is insufficient memory for the Java Runtime Environment to continue.
# Native memory allocation (malloc) failed to allocate 1048576 bytes for AllocateHeap
# Possible reasons:
#   The system is out of physical RAM or swap space
#   The process is running with CompressedOops enabled, and the Java Heap may be blocking the growth of the native heap
# Possible solutions:
#   Reduce memory load on the system
#   Increase physical memory or swap space
#   Check if swap backing store is full
#   Decrease Java heap size (-Xmx/-Xms)
#   Decrease number of Java threads
#   Decrease Java thread stack sizes (-Xss)
#   Set larger code cache with -XX:ReservedCodeCacheSize=
#   JVM is running with Unscaled Compressed Oops mode in which the Java heap is
#     placed in the first 4GB address space. The Java Heap base address is the
#     maximum limit for the native heap growth. Please use -XX:HeapBaseMinAddress
#     to set the Java Heap base and to place the Java Heap above 4GB virtual address.
# This output file may be truncated or incomplete.
#
#  Out of Memory Error (memory/allocation.inline.hpp:61), pid=22496, tid=0x0000000000005368
#
# JRE version:  (8.0_231-b11) (build )
# Java VM: Java HotSpot(TM) 64-Bit Server VM (25.231-b11 mixed mode windows-amd64 compressed oops)
# Failed to write core dump. Minidumps are not enabled by default on client versions of Windows
#

---------------  T H R E A D  ---------------

Current thread (0x0000000003652800):  JavaThread "Unknown thread" [_thread_in_vm, id=21352, stack(0x0000000003350000,0x0000000003450000)]

Stack: [0x0000000003350000,0x0000000003450000]
[error occurred during error reporting (printing stack bounds), id 0xc0000005]

Native frames: (J=compiled Java code, j=interpreted, Vv=VM code, C=native code)


---------------  P R O C E S S  ---------------

Java Threads: ( => current thread )

Other Threads:

=>0x0000000003652800 (exited) JavaThread "Unknown thread" [_thread_in_vm, id=21352, stack(0x0000000003350000,0x0000000003450000)]

VM state:not at safepoint (normal execution)

VM Mutex/Monitor currently owned by a thread: None

heap address: 0x0000000082000000, size: 2016 MB, Compressed Oops mode: 32-bit
Narrow klass base: 0x0000000000000000, Narrow klass shift: 3
Compressed class space size: 1073741824 Address: 0x0000000100000000

Heap:
 PSYoungGen      total 37888K, used 655K [0x00000000d6000000, 0x00000000d8a00000, 0x0000000100000000)
  eden space 32768K, 2% used [0x00000000d6000000,0x00000000d60a3d80,0x00000000d8000000)
  from space 5120K, 0% used [0x00000000d8500000,0x00000000d8500000,0x00000000d8a00000)
  to   space 5120K, 0% used [0x00000000d8000000,0x00000000d8000000,0x00000000d8500000)
 ParOldGen       total 86016K, used 0K [0x0000000082000000, 0x0000000087400000, 0x00000000d6000000)
  object space 86016K, 0% used [0x0000000082000000,0x0000000082000000,0x0000000087400000)
 Metaspace       used 776K, capacity 4480K, committed 4480K, reserved 1056768K
  class space    used 76K, capacity 384K, committed 384K, reserved 1048576K

Card table byte_map: [0x0000000012b10000,0x0000000012f10000] byte_map_base: 0x0000000012700000

Marking Bits: (ParMarkBitMap*) 0x00000000682d6d90
 Begin Bits: [0x00000000135b0000, 0x0000000015530000)
 End Bits:   [0x0000000015530000, 0x00000000174b0000)

Polling page: 0x00000000011d0000

CodeCache: size=245760Kb used=328Kb max_used=328Kb free=245431Kb
 bounds [0x0000000003750000, 0x00000000039c0000, 0x0000000012750000]
 total_blobs=58 nmethods=0 adapters=38
 compilation: enabled

Compilation events (0 events):
No events

GC Heap History (0 events):
No events

Deoptimization events (0 events):
No events

Classes redefined (0 events):
No events

Internal exceptions (0 events):
No events

Events (10 events):
Event: 0.032 loading class java/lang/Short
Event: 0.032 loading class java/lang/Short done
Event: 0.032 loading class java/lang/Integer
Event: 0.032 loading class java/lang/Integer done
Event: 0.032 loading class java/lang/Long
Event: 0.032 loading class java/lang/Long done
Event: 0.033 loading class java/lang/NullPointerException
Event: 0.033 loading class java/lang/NullPointerException done
Event: 0.033 loading class java/lang/ArithmeticException
Event: 0.033 loading class java/lang/ArithmeticException done


Dynamic libraries:
0x00007ff7f2160000 - 0x00007ff7f2197000 	C:\Program Files\Java\jdk1.8.0_231\bin\java.exe
0x00007ffd386a0000 - 0x00007ffd38890000 	C:\WINDOWS\SYSTEM32\ntdll.dll
0x00007ffd37530000 - 0x00007ffd375e2000 	C:\WINDOWS\System32\KERNEL32.DLL
0x00007ffd356e0000 - 0x00007ffd35983000 	C:\WINDOWS\System32\KERNELBASE.dll
0x00007ffd38280000 - 0x00007ffd38323000 	C:\WINDOWS\System32\ADVAPI32.dll
0x00007ffd36da0000 - 0x00007ffd36e3e000 	C:\WINDOWS\System32\msvcrt.dll
0x00007ffd384a0000 - 0x00007ffd38537000 	C:\WINDOWS\System32\sechost.dll
0x00007ffd38540000 - 0x00007ffd38660000 	C:\WINDOWS\System32\RPCRT4.dll
0x00007ffd36bf0000 - 0x00007ffd36d84000 	C:\WINDOWS\System32\USER32.dll
0x00007ffd35c00000 - 0x00007ffd35c21000 	C:\WINDOWS\System32\win32u.dll
0x00007ffd36750000 - 0x00007ffd36776000 	C:\WINDOWS\System32\GDI32.dll
0x00007ffd35d30000 - 0x00007ffd35ec4000 	C:\WINDOWS\System32\gdi32full.dll
0x00007ffd35ae0000 - 0x00007ffd35b7e000 	C:\WINDOWS\System32\msvcp_win.dll
0x00007ffd35c30000 - 0x00007ffd35d2a000 	C:\WINDOWS\System32\ucrtbase.dll
0x00007ffd20060000 - 0x00007ffd202e5000 	C:\WINDOWS\WinSxS\amd64_microsoft.windows.common-controls_6595b64144ccf1df_6.0.18362.657_none_e6c5b579130e3898\COMCTL32.dll
0x00007ffd37ed0000 - 0x00007ffd38206000 	C:\WINDOWS\System32\combase.dll
0x00007ffd35b80000 - 0x00007ffd35c00000 	C:\WINDOWS\System32\bcryptPrimitives.dll
0x00007ffd38470000 - 0x00007ffd3849e000 	C:\WINDOWS\System32\IMM32.DLL
0x0000000068360000 - 0x0000000068432000 	C:\Program Files\Java\jdk1.8.0_231\jre\bin\msvcr100.dll
0x0000000067ab0000 - 0x0000000068356000 	C:\Program Files\Java\jdk1.8.0_231\jre\bin\server\jvm.dll
0x00007ffd36d90000 - 0x00007ffd36d98000 	C:\WINDOWS\System32\PSAPI.DLL
0x00007ffd30f90000 - 0x00007ffd30fb4000 	C:\WINDOWS\SYSTEM32\WINMM.dll
0x00007ffd28340000 - 0x00007ffd2834a000 	C:\WINDOWS\SYSTEM32\VERSION.dll
0x00007ffd34070000 - 0x00007ffd34079000 	C:\WINDOWS\SYSTEM32\WSOCK32.dll
0x00007ffd37a60000 - 0x00007ffd37acf000 	C:\WINDOWS\System32\WS2_32.dll
0x00007ffd31070000 - 0x00007ffd3109d000 	C:\WINDOWS\SYSTEM32\winmmbase.dll
0x00007ffd35630000 - 0x00007ffd3567a000 	C:\WINDOWS\System32\cfgmgr32.dll
0x00007ffd30fd0000 - 0x00007ffd30fdf000 	C:\Program Files\Java\jdk1.8.0_231\jre\bin\verify.dll
0x00007ffd21bb0000 - 0x00007ffd21bd9000 	C:\Program Files\Java\jdk1.8.0_231\jre\bin\java.dll
0x00007ffd18600000 - 0x00007ffd18623000 	C:\Program Files\Java\jdk1.8.0_231\jre\bin\instrument.dll
0x00007ffd2efe0000 - 0x00007ffd2eff6000 	C:\Program Files\Java\jdk1.8.0_231\jre\bin\zip.dll

VM Arguments:
jvm_args: -Dmaven.multiModuleProjectDirectory=D:\JavaSE\travel -DarchetypeCatalog=internal -Dfile.encoding=GB2312 -Dmaven.home=D:\apache-maven-3.5.2 -Dclassworlds.conf=D:\apache-maven-3.5.2\bin\m2.conf -Dmaven.ext.class.path=C:\Program Files\JetBrains\IntelliJ IDEA 2019.3.1\plugins\maven\lib\maven-event-listener.jar -javaagent:C:\Program Files\JetBrains\IntelliJ IDEA 2019.3.1\lib\idea_rt.jar=59705:C:\Program Files\JetBrains\IntelliJ IDEA 2019.3.1\bin 
java_command: org.codehaus.classworlds.Launcher -Didea.version2019.3.1 -s D:\apache-maven-3.5.2\conf\settings.xml validate
java_class_path (initial): D:\apache-maven-3.5.2\boot\plexus-classworlds-2.5.2.jar;C:\Program Files\JetBrains\IntelliJ IDEA 2019.3.1\lib\idea_rt.jar
Launcher Type: SUN_STANDARD

Environment Variables:
JAVA_HOME=C:\Program Files\Java\jdk1.8.0_231
CLASSPATH= .;C:\Program Files\Java\jdk1.8.0_231\lib\dt.jar;C:\Program Files\Java\jdk1.8.0_231\lib\tools.jar;
PATH=C:\Program Files (x86)\Common Files\Oracle\Java\javapath;C:\Program Files\Java\jdk1.8.0_231\bin\;C:\Program Files (x86)\Intel\iCLS Client\;C:\Program Files\Intel\iCLS Client\;C:\Windows\system32;C:\Windows;C:\Windows\System32\Wbem;C:\Windows\System32\WindowsPowerShell\v1.0\;C:\Program Files (x86)\NVIDIA Corporation\PhysX\Common;C:\Program Files (x86)\Intel\Intel(R) Management Engine Components\DAL;C:\Program Files\Intel\Intel(R) Management Engine Components\DAL;C:\Program Files (x86)\Intel\Intel(R) Management Engine Components\IPT;C:\Program Files\Intel\Intel(R) Management Engine Components\IPT;C:\MinGW\bin;C:\WINDOWS\system32;C:\WINDOWS;C:\WINDOWS\System32\Wbem;C:\WINDOWS\System32\WindowsPowerShell\v1.0\;C:\WINDOWS\System32\OpenSSH\;C:\Program Files\NVIDIA Corporation\NVIDIA NvDLISR;C:\WINDOWS\system32;C:\WINDOWS;C:\WINDOWS\System32\Wbem;C:\WINDOWS\System32\WindowsPowerShell\v1.0\;C:\WINDOWS\System32\OpenSSH\;C:\Program Files\Intel\WiFi\bin\;C:\Program Files\Common Files\Intel\WirelessCommon\;D:\apache-maven-3.5.2\bin;C:\Users\l8124\AppData\Local\Microsoft\WindowsApps;C:\MinGW\bin;C:\Users\l8124\AppData\Local\GitHubDesktop\bin;C:\Users\l8124\AppData\Local\BypassRuntm;%USERPROFILE%\AppData\Local\Microsoft\WindowsApps;
USERNAME=l8124
OS=Windows_NT
PROCESSOR_IDENTIFIER=Intel64 Family 6 Model 94 Stepping 3, GenuineIntel



---------------  S Y S T E M  ---------------

OS: Windows 10.0 , 64 bit Build 18362 (10.0.18362.329)

CPU:total 4 (initial active 4) (4 cores per cpu, 1 threads per core) family 6 model 94 stepping 3, cmov, cx8, fxsr, mmx, sse, sse2, sse3, ssse3, sse4.1, sse4.2, popcnt, avx, avx2, aes, clmul, erms, rtm, 3dnowpref, lzcnt, tsc, tscinvbit, bmi1, bmi2, adx

Memory: 4k page, physical 8256092k(1046188k free), swap 8256092k(5220k free)

vm_info: Java HotSpot(TM) 64-Bit Server VM (25.231-b11) for windows-amd64 JRE (1.8.0_231-b11), built on Oct  5 2019 03:11:30 by "java_re" with MS VC++ 10.0 (VS2010)

time: Tue Mar 03 20:24:36 2020
timezone: 中国标准时间
elapsed time: 0 seconds (0d 0h 0m 0s)

