#
# There is insufficient memory for the Java Runtime Environment to continue.
# Native memory allocation (malloc) failed to allocate 32744 bytes for ChunkPool::allocate
# Possible reasons:
#   The system is out of physical RAM or swap space
#   The process is running with CompressedOops enabled, and the Java Heap may be blocking the growth of the native heap
# Possible solutions:
#   Reduce memory load on the system
#   Increase physical memory or swap space
#   Check if swap backing store is full
#   Decrease Java heap size (-Xmx/-Xms)
#   Decrease number of Java threads
#   Decrease Java thread stack sizes (-Xss)
#   Set larger code cache with -XX:ReservedCodeCacheSize=
#   JVM is running with Unscaled Compressed Oops mode in which the Java heap is
#     placed in the first 4GB address space. The Java Heap base address is the
#     maximum limit for the native heap growth. Please use -XX:HeapBaseMinAddress
#     to set the Java Heap base and to place the Java Heap above 4GB virtual address.
# This output file may be truncated or incomplete.
#
#  Out of Memory Error (allocation.cpp:272), pid=11672, tid=0x000000000000109c
#
# JRE version: Java(TM) SE Runtime Environment (8.0_231-b11) (build 1.8.0_231-b11)
# Java VM: Java HotSpot(TM) 64-Bit Server VM (25.231-b11 mixed mode windows-amd64 compressed oops)
# Failed to write core dump. Minidumps are not enabled by default on client versions of Windows
#

---------------  T H R E A D  ---------------

Current thread (0x0000000018fa4800):  JavaThread "C2 CompilerThread1" daemon [_thread_in_native, id=4252, stack(0x0000000019710000,0x0000000019810000)]

Stack: [0x0000000019710000,0x0000000019810000]
[error occurred during error reporting (printing stack bounds), id 0xc0000005]

Native frames: (J=compiled Java code, j=interpreted, Vv=VM code, C=native code)


Current CompileTask:
C2:   3384 1482   !   4       java.net.URLClassLoader$1::run (63 bytes)


---------------  P R O C E S S  ---------------

Java Threads: ( => current thread )
  0x0000000018fa7000 JavaThread "Service Thread" daemon [_thread_blocked, id=1360, stack(0x0000000019910000,0x0000000019a10000)]
  0x0000000018f48000 JavaThread "C1 CompilerThread2" daemon [_thread_blocked, id=20644, stack(0x0000000019810000,0x0000000019910000)]
=>0x0000000018fa4800 JavaThread "C2 CompilerThread1" daemon [_thread_in_native, id=4252, stack(0x0000000019710000,0x0000000019810000)]
  0x0000000018f44000 JavaThread "C2 CompilerThread0" daemon [_thread_in_native, id=22116, stack(0x0000000019610000,0x0000000019710000)]
  0x0000000018f41800 JavaThread "Monitor Ctrl-Break" daemon [_thread_in_native, id=24692, stack(0x0000000019510000,0x0000000019610000)]
  0x0000000017b8b000 JavaThread "Attach Listener" daemon [_thread_blocked, id=24372, stack(0x0000000019410000,0x0000000019510000)]
  0x0000000017b8a800 JavaThread "Signal Dispatcher" daemon [_thread_blocked, id=24684, stack(0x0000000019310000,0x0000000019410000)]
  0x000000000303d800 JavaThread "Finalizer" daemon [_thread_blocked, id=25200, stack(0x0000000018db0000,0x0000000018eb0000)]
  0x0000000017b19800 JavaThread "Reference Handler" daemon [_thread_blocked, id=21328, stack(0x0000000018cb0000,0x0000000018db0000)]
  0x0000000002f42800 JavaThread "main" [_thread_in_vm, id=25052, stack(0x0000000002d20000,0x0000000002e20000)]

Other Threads:
  0x0000000017af7800 VMThread [stack: 0x0000000018bb0000,0x0000000018cb0000] [id=2080]
  0x0000000018fe6000 WatcherThread [stack: 0x0000000019a10000,0x0000000019b10000] [id=24920]

VM state:not at safepoint (normal execution)

VM Mutex/Monitor currently owned by a thread: None

heap address: 0x0000000082000000, size: 2016 MB, Compressed Oops mode: 32-bit
Narrow klass base: 0x0000000000000000, Narrow klass shift: 3
Compressed class space size: 1073741824 Address: 0x0000000100000000

Heap:
 PSYoungGen      total 37888K, used 30173K [0x00000000d6000000, 0x00000000daa00000, 0x0000000100000000)
  eden space 32768K, 76% used [0x00000000d6000000,0x00000000d787ac00,0x00000000d8000000)
  from space 5120K, 99% used [0x00000000d8500000,0x00000000d89fc9b8,0x00000000d8a00000)
  to   space 5120K, 0% used [0x00000000d8000000,0x00000000d8000000,0x00000000d8500000)
 ParOldGen       total 86016K, used 1956K [0x0000000082000000, 0x0000000087400000, 0x00000000d6000000)
  object space 86016K, 2% used [0x0000000082000000,0x00000000821e9158,0x0000000087400000)
 Metaspace       used 14453K, capacity 14756K, committed 14976K, reserved 1062912K
  class space    used 1782K, capacity 1877K, committed 1920K, reserved 1048576K

Card table byte_map: [0x0000000012400000,0x0000000012800000] byte_map_base: 0x0000000011ff0000

Marking Bits: (ParMarkBitMap*) 0x00000000682d6d90
 Begin Bits: [0x0000000012ea0000, 0x0000000014e20000)
 End Bits:   [0x0000000014e20000, 0x0000000016da0000)

Polling page: 0x0000000001140000

CodeCache: size=245760Kb used=5663Kb max_used=5663Kb free=240096Kb
 bounds [0x0000000003040000, 0x00000000035d0000, 0x0000000012040000]
 total_blobs=1993 nmethods=1633 adapters=272
 compilation: enabled

Compilation events (10 events):
Event: 3.274 Thread 0x0000000018f48000 1634  s    3       java.io.BufferedOutputStream::write (35 bytes)
Event: 3.274 Thread 0x0000000018f48000 nmethod 1634 0x00000000035c8250 code [0x00000000035c83e0, 0x00000000035c88a8]
Event: 3.289 Thread 0x0000000018f48000 1635       3       org.eclipse.sisu.plexus.RealmFilteredBeans$FilteredItr::hasNext (81 bytes)
Event: 3.289 Thread 0x0000000018f48000 nmethod 1635 0x00000000035c8a90 code [0x00000000035c8cc0, 0x00000000035c9ab8]
Event: 3.304 Thread 0x0000000018f48000 1636       3       java.util.HashMap$KeyIterator::next (8 bytes)
Event: 3.304 Thread 0x0000000018f48000 nmethod 1636 0x00000000035ca150 code [0x00000000035ca2c0, 0x00000000035ca4c8]
Event: 3.340 Thread 0x0000000018f48000 1637       3       java.util.AbstractList$Itr::checkForComodification (23 bytes)
Event: 3.341 Thread 0x0000000018f48000 nmethod 1637 0x00000000035ca590 code [0x00000000035ca700, 0x00000000035ca968]
Event: 3.341 Thread 0x0000000018f48000 1638   !   3       java.util.AbstractList$Itr::next (45 bytes)
Event: 3.341 Thread 0x0000000018f48000 nmethod 1638 0x00000000035caa90 code [0x00000000035cac60, 0x00000000035cb338]

GC Heap History (4 events):
Event: 2.057 GC heap before
{Heap before GC invocations=1 (full 0):
 PSYoungGen      total 37888K, used 32768K [0x00000000d6000000, 0x00000000d8a00000, 0x0000000100000000)
  eden space 32768K, 100% used [0x00000000d6000000,0x00000000d8000000,0x00000000d8000000)
  from space 5120K, 0% used [0x00000000d8500000,0x00000000d8500000,0x00000000d8a00000)
  to   space 5120K, 0% used [0x00000000d8000000,0x00000000d8000000,0x00000000d8500000)
 ParOldGen       total 86016K, used 0K [0x0000000082000000, 0x0000000087400000, 0x00000000d6000000)
  object space 86016K, 0% used [0x0000000082000000,0x0000000082000000,0x0000000087400000)
 Metaspace       used 8864K, capacity 9032K, committed 9088K, reserved 1056768K
  class space    used 1060K, capacity 1116K, committed 1152K, reserved 1048576K
Event: 2.066 GC heap after
Heap after GC invocations=1 (full 0):
 PSYoungGen      total 37888K, used 5117K [0x00000000d6000000, 0x00000000d8a00000, 0x0000000100000000)
  eden space 32768K, 0% used [0x00000000d6000000,0x00000000d6000000,0x00000000d8000000)
  from space 5120K, 99% used [0x00000000d8000000,0x00000000d84ff5f8,0x00000000d8500000)
  to   space 5120K, 0% used [0x00000000d8500000,0x00000000d8500000,0x00000000d8a00000)
 ParOldGen       total 86016K, used 322K [0x0000000082000000, 0x0000000087400000, 0x00000000d6000000)
  object space 86016K, 0% used [0x0000000082000000,0x0000000082050bd8,0x0000000087400000)
 Metaspace       used 8864K, capacity 9032K, committed 9088K, reserved 1056768K
  class space    used 1060K, capacity 1116K, committed 1152K, reserved 1048576K
}
Event: 2.531 GC heap before
{Heap before GC invocations=2 (full 0):
 PSYoungGen      total 37888K, used 37885K [0x00000000d6000000, 0x00000000d8a00000, 0x0000000100000000)
  eden space 32768K, 100% used [0x00000000d6000000,0x00000000d8000000,0x00000000d8000000)
  from space 5120K, 99% used [0x00000000d8000000,0x00000000d84ff5f8,0x00000000d8500000)
  to   space 5120K, 0% used [0x00000000d8500000,0x00000000d8500000,0x00000000d8a00000)
 ParOldGen       total 86016K, used 322K [0x0000000082000000, 0x0000000087400000, 0x00000000d6000000)
  object space 86016K, 0% used [0x0000000082000000,0x0000000082050bd8,0x0000000087400000)
 Metaspace       used 11741K, capacity 12020K, committed 12288K, reserved 1060864K
  class space    used 1445K, capacity 1513K, committed 1536K, reserved 1048576K
Event: 2.540 GC heap after
Heap after GC invocations=2 (full 0):
 PSYoungGen      total 37888K, used 5106K [0x00000000d6000000, 0x00000000daa00000, 0x0000000100000000)
  eden space 32768K, 0% used [0x00000000d6000000,0x00000000d6000000,0x00000000d8000000)
  from space 5120K, 99% used [0x00000000d8500000,0x00000000d89fc9b8,0x00000000d8a00000)
  to   space 5120K, 0% used [0x00000000d8000000,0x00000000d8000000,0x00000000d8500000)
 ParOldGen       total 86016K, used 1956K [0x0000000082000000, 0x0000000087400000, 0x00000000d6000000)
  object space 86016K, 2% used [0x0000000082000000,0x00000000821e9158,0x0000000087400000)
 Metaspace       used 11741K, capacity 12020K, committed 12288K, reserved 1060864K
  class space    used 1445K, capacity 1513K, committed 1536K, reserved 1048576K
}

Deoptimization events (10 events):
Event: 2.241 Thread 0x0000000002f42800 Uncommon trap: reason=class_check action=maybe_recompile pc=0x00000000033b0304 method=java.util.HashMap.putVal(ILjava/lang/Object;Ljava/lang/Object;ZZ)Ljava/lang/Object; @ 203
Event: 2.312 Thread 0x0000000002f42800 Uncommon trap: reason=unstable_if action=reinterpret pc=0x00000000032caf48 method=java.util.HashMap.getNode(ILjava/lang/Object;)Ljava/util/HashMap$Node; @ 129
Event: 2.312 Thread 0x0000000002f42800 Uncommon trap: reason=class_check action=maybe_recompile pc=0x00000000033b0304 method=java.util.HashMap.putVal(ILjava/lang/Object;Ljava/lang/Object;ZZ)Ljava/lang/Object; @ 203
Event: 2.322 Thread 0x0000000002f42800 Uncommon trap: reason=class_check action=maybe_recompile pc=0x00000000033b0304 method=java.util.HashMap.putVal(ILjava/lang/Object;Ljava/lang/Object;ZZ)Ljava/lang/Object; @ 203
Event: 2.800 Thread 0x0000000002f42800 Uncommon trap: reason=class_check action=maybe_recompile pc=0x00000000033b0304 method=java.util.HashMap.putVal(ILjava/lang/Object;Ljava/lang/Object;ZZ)Ljava/lang/Object; @ 203
Event: 2.800 Thread 0x0000000002f42800 Uncommon trap: reason=class_check action=maybe_recompile pc=0x00000000033acaec method=java.util.HashMap.putVal(ILjava/lang/Object;Ljava/lang/Object;ZZ)Ljava/lang/Object; @ 203
Event: 2.899 Thread 0x0000000002f42800 Uncommon trap: reason=unstable_if action=reinterpret pc=0x00000000033e2e00 method=java.util.concurrent.ConcurrentHashMap.putVal(Ljava/lang/Object;Ljava/lang/Object;Z)Ljava/lang/Object; @ 206
Event: 3.116 Thread 0x0000000002f42800 Uncommon trap: reason=null_check action=make_not_entrant pc=0x00000000031fe420 method=java.lang.String.equals(Ljava/lang/Object;)Z @ 8
Event: 3.144 Thread 0x0000000002f42800 Uncommon trap: reason=unstable_if action=reinterpret pc=0x00000000032d5014 method=java.nio.charset.CoderResult.isOverflow()Z @ 5
Event: 3.155 Thread 0x0000000002f42800 Uncommon trap: reason=unstable_if action=reinterpret pc=0x000000000338ef3c method=org.codehaus.plexus.util.xml.pull.MXParser.parseStartTag()I @ 443

Classes redefined (0 events):
No events

Internal exceptions (10 events):
Event: 1.904 Thread 0x0000000002f42800 Exception <a 'java/lang/ArrayIndexOutOfBoundsException'> (0x00000000d7a1a480) thrown at [C:\re\workspace\8-2-build-windows-amd64-cygwin\jdk8u231\13620\hotspot\src\share\vm\runtime\sharedRuntime.cpp, line 605]
Event: 1.905 Thread 0x0000000002f42800 Exception <a 'java/lang/ArrayIndexOutOfBoundsException'> (0x00000000d7a24640) thrown at [C:\re\workspace\8-2-build-windows-amd64-cygwin\jdk8u231\13620\hotspot\src\share\vm\runtime\sharedRuntime.cpp, line 605]
Event: 1.905 Thread 0x0000000002f42800 Exception <a 'java/lang/ArrayIndexOutOfBoundsException'> (0x00000000d7a253e0) thrown at [C:\re\workspace\8-2-build-windows-amd64-cygwin\jdk8u231\13620\hotspot\src\share\vm\runtime\sharedRuntime.cpp, line 605]
Event: 1.906 Thread 0x0000000002f42800 Exception <a 'java/lang/ArrayIndexOutOfBoundsException'> (0x00000000d7a277c8) thrown at [C:\re\workspace\8-2-build-windows-amd64-cygwin\jdk8u231\13620\hotspot\src\share\vm\runtime\sharedRuntime.cpp, line 605]
Event: 1.906 Thread 0x0000000002f42800 Exception <a 'java/lang/ArrayIndexOutOfBoundsException': 113> (0x00000000d7a29508) thrown at [C:\re\workspace\8-2-build-windows-amd64-cygwin\jdk8u231\13620\hotspot\src\share\vm\interpreter\interpreterRuntime.cpp, line 368]
Event: 1.907 Thread 0x0000000002f42800 Exception <a 'java/lang/ArrayIndexOutOfBoundsException': 71> (0x00000000d7a2aa60) thrown at [C:\re\workspace\8-2-build-windows-amd64-cygwin\jdk8u231\13620\hotspot\src\share\vm\interpreter\interpreterRuntime.cpp, line 368]
Event: 2.927 Thread 0x0000000002f42800 Exception <a 'java/lang/NoClassDefFoundError': com/google/inject/servlet/ServletModuleTargetVisitor> (0x00000000d6fab2b0) thrown at [C:\re\workspace\8-2-build-windows-amd64-cygwin\jdk8u231\13620\hotspot\src\share\vm\classfile\systemDictionary.cpp, line 19
Event: 2.927 Thread 0x0000000002f42800 Exception <a 'java/lang/NoClassDefFoundError'> (0x00000000d6fab2b0) thrown at [C:\re\workspace\8-2-build-windows-amd64-cygwin\jdk8u231\13620\hotspot\src\share\vm\prims\jvm.cpp, line 1506]
Event: 2.927 Thread 0x0000000002f42800 Exception <a 'java/lang/NoClassDefFoundError': javax/annotation/Priority> (0x00000000d6fafbe0) thrown at [C:\re\workspace\8-2-build-windows-amd64-cygwin\jdk8u231\13620\hotspot\src\share\vm\classfile\systemDictionary.cpp, line 199]
Event: 3.116 Thread 0x0000000002f42800 Implicit null exception at 0x00000000031fe258 to 0x00000000031fe411

Events (10 events):
Event: 3.306 loading class org/eclipse/aether/graph/Exclusion
Event: 3.306 loading class org/eclipse/aether/graph/Exclusion done
Event: 3.341 loading class org/eclipse/aether/util/graph/transformer/ConflictResolver
Event: 3.341 loading class org/eclipse/aether/util/graph/transformer/ConflictResolver done
Event: 3.347 loading class org/eclipse/aether/collection/UnsolvableVersionConflictException
Event: 3.347 loading class org/eclipse/aether/collection/UnsolvableVersionConflictException done
Event: 3.347 loading class org/eclipse/aether/util/graph/transformer/ChainedDependencyGraphTransformer
Event: 3.347 loading class org/eclipse/aether/util/graph/transformer/ChainedDependencyGraphTransformer done
Event: 3.364 loading class org/eclipse/aether/util/graph/transformer/JavaDependencyContextRefiner
Event: 3.364 loading class org/eclipse/aether/util/graph/transformer/JavaDependencyContextRefiner done


Dynamic libraries:
0x00007ff7f2160000 - 0x00007ff7f2197000 	C:\Program Files\Java\jdk1.8.0_231\bin\java.exe
0x00007ffd386a0000 - 0x00007ffd38890000 	C:\WINDOWS\SYSTEM32\ntdll.dll
0x00007ffd37530000 - 0x00007ffd375e2000 	C:\WINDOWS\System32\KERNEL32.DLL
0x00007ffd356e0000 - 0x00007ffd35983000 	C:\WINDOWS\System32\KERNELBASE.dll
0x00007ffd38280000 - 0x00007ffd38323000 	C:\WINDOWS\System32\ADVAPI32.dll
0x00007ffd36da0000 - 0x00007ffd36e3e000 	C:\WINDOWS\System32\msvcrt.dll
0x00007ffd384a0000 - 0x00007ffd38537000 	C:\WINDOWS\System32\sechost.dll
0x00007ffd38540000 - 0x00007ffd38660000 	C:\WINDOWS\System32\RPCRT4.dll
0x00007ffd36bf0000 - 0x00007ffd36d84000 	C:\WINDOWS\System32\USER32.dll
0x00007ffd35c00000 - 0x00007ffd35c21000 	C:\WINDOWS\System32\win32u.dll
0x00007ffd36750000 - 0x00007ffd36776000 	C:\WINDOWS\System32\GDI32.dll
0x00007ffd35d30000 - 0x00007ffd35ec4000 	C:\WINDOWS\System32\gdi32full.dll
0x00007ffd35ae0000 - 0x00007ffd35b7e000 	C:\WINDOWS\System32\msvcp_win.dll
0x00007ffd35c30000 - 0x00007ffd35d2a000 	C:\WINDOWS\System32\ucrtbase.dll
0x00007ffd20060000 - 0x00007ffd202e5000 	C:\WINDOWS\WinSxS\amd64_microsoft.windows.common-controls_6595b64144ccf1df_6.0.18362.657_none_e6c5b579130e3898\COMCTL32.dll
0x00007ffd37ed0000 - 0x00007ffd38206000 	C:\WINDOWS\System32\combase.dll
0x00007ffd35b80000 - 0x00007ffd35c00000 	C:\WINDOWS\System32\bcryptPrimitives.dll
0x00007ffd38470000 - 0x00007ffd3849e000 	C:\WINDOWS\System32\IMM32.DLL
0x0000000068360000 - 0x0000000068432000 	C:\Program Files\Java\jdk1.8.0_231\jre\bin\msvcr100.dll
0x0000000067ab0000 - 0x0000000068356000 	C:\Program Files\Java\jdk1.8.0_231\jre\bin\server\jvm.dll
0x00007ffd36d90000 - 0x00007ffd36d98000 	C:\WINDOWS\System32\PSAPI.DLL
0x00007ffd34070000 - 0x00007ffd34079000 	C:\WINDOWS\SYSTEM32\WSOCK32.dll
0x00007ffd37a60000 - 0x00007ffd37acf000 	C:\WINDOWS\System32\WS2_32.dll
0x00007ffd30f90000 - 0x00007ffd30fb4000 	C:\WINDOWS\SYSTEM32\WINMM.dll
0x00007ffd28340000 - 0x00007ffd2834a000 	C:\WINDOWS\SYSTEM32\VERSION.dll
0x00007ffd31070000 - 0x00007ffd3109d000 	C:\WINDOWS\SYSTEM32\winmmbase.dll
0x00007ffd35630000 - 0x00007ffd3567a000 	C:\WINDOWS\System32\cfgmgr32.dll
0x00007ffd30190000 - 0x00007ffd3019f000 	C:\Program Files\Java\jdk1.8.0_231\jre\bin\verify.dll
0x00007ffd1dd30000 - 0x00007ffd1dd59000 	C:\Program Files\Java\jdk1.8.0_231\jre\bin\java.dll
0x00007ffd1a490000 - 0x00007ffd1a4b3000 	C:\Program Files\Java\jdk1.8.0_231\jre\bin\instrument.dll
0x00007ffd1eda0000 - 0x00007ffd1edb6000 	C:\Program Files\Java\jdk1.8.0_231\jre\bin\zip.dll
0x00007ffd36e40000 - 0x00007ffd37525000 	C:\WINDOWS\System32\SHELL32.dll
0x00007ffd36b40000 - 0x00007ffd36be9000 	C:\WINDOWS\System32\shcore.dll
0x00007ffd35f00000 - 0x00007ffd3667f000 	C:\WINDOWS\System32\windows.storage.dll
0x00007ffd355f0000 - 0x00007ffd3560f000 	C:\WINDOWS\System32\profapi.dll
0x00007ffd355a0000 - 0x00007ffd355ea000 	C:\WINDOWS\System32\powrprof.dll
0x00007ffd35570000 - 0x00007ffd35580000 	C:\WINDOWS\System32\UMPDC.dll
0x00007ffd37ad0000 - 0x00007ffd37b22000 	C:\WINDOWS\System32\shlwapi.dll
0x00007ffd35610000 - 0x00007ffd35621000 	C:\WINDOWS\System32\kernel.appcore.dll
0x00007ffd36730000 - 0x00007ffd36747000 	C:\WINDOWS\System32\cryptsp.dll
0x00007ffd1ece0000 - 0x00007ffd1ecfa000 	C:\Program Files\JetBrains\IntelliJ IDEA 2019.3.1\bin\breakgen64.dll
0x00007ffd1ebc0000 - 0x00007ffd1ebda000 	C:\Program Files\Java\jdk1.8.0_231\jre\bin\net.dll
0x00007ffd34de0000 - 0x00007ffd34e47000 	C:\WINDOWS\system32\mswsock.dll
0x00007ffd34950000 - 0x00007ffd34983000 	C:\WINDOWS\system32\rsaenh.dll
0x00007ffd35ed0000 - 0x00007ffd35ef6000 	C:\WINDOWS\System32\bcrypt.dll
0x00007ffd35490000 - 0x00007ffd354b5000 	C:\WINDOWS\SYSTEM32\USERENV.dll
0x00007ffd34fb0000 - 0x00007ffd34fbc000 	C:\WINDOWS\SYSTEM32\CRYPTBASE.dll
0x00007ffd34af0000 - 0x00007ffd34b2a000 	C:\WINDOWS\SYSTEM32\IPHLPAPI.DLL
0x00007ffd37b30000 - 0x00007ffd37b38000 	C:\WINDOWS\System32\NSI.dll
0x00007ffd2d080000 - 0x00007ffd2d096000 	C:\WINDOWS\SYSTEM32\dhcpcsvc6.DLL
0x00007ffd2d020000 - 0x00007ffd2d03c000 	C:\WINDOWS\SYSTEM32\dhcpcsvc.DLL
0x00007ffd34b30000 - 0x00007ffd34bfa000 	C:\WINDOWS\SYSTEM32\DNSAPI.dll
0x00007ffd1b0b0000 - 0x00007ffd1b0c2000 	C:\Program Files\Java\jdk1.8.0_231\jre\bin\nio.dll
0x00007ffd284e0000 - 0x00007ffd284ea000 	C:\Users\l8124\AppData\Local\Temp\jansi-1.16-3456293714930123122.dll
0x00007ffd28390000 - 0x00007ffd2839a000 	C:\Users\l8124\AppData\Local\Temp\jansi-1.16-787144209262634416.dll

VM Arguments:
jvm_args: -Dmaven.multiModuleProjectDirectory=D:\JavaSE\travel -DarchetypeCatalog=internal -Dfile.encoding=GB2312 -Dmaven.home=D:\apache-maven-3.5.2 -Dclassworlds.conf=D:\apache-maven-3.5.2\bin\m2.conf -Dmaven.ext.class.path=C:\Program Files\JetBrains\IntelliJ IDEA 2019.3.1\plugins\maven\lib\maven-event-listener.jar -javaagent:C:\Program Files\JetBrains\IntelliJ IDEA 2019.3.1\lib\idea_rt.jar=61486:C:\Program Files\JetBrains\IntelliJ IDEA 2019.3.1\bin 
java_command: org.codehaus.classworlds.Launcher -Didea.version2019.3.1 -s D:\apache-maven-3.5.2\conf\settings.xml clean
java_class_path (initial): D:\apache-maven-3.5.2\boot\plexus-classworlds-2.5.2.jar;C:\Program Files\JetBrains\IntelliJ IDEA 2019.3.1\lib\idea_rt.jar
Launcher Type: SUN_STANDARD

Environment Variables:
JAVA_HOME=C:\Program Files\Java\jdk1.8.0_231
CLASSPATH= .;C:\Program Files\Java\jdk1.8.0_231\lib\dt.jar;C:\Program Files\Java\jdk1.8.0_231\lib\tools.jar;
PATH=C:\Program Files (x86)\Common Files\Oracle\Java\javapath;C:\Program Files\Java\jdk1.8.0_231\bin\;C:\Program Files (x86)\Intel\iCLS Client\;C:\Program Files\Intel\iCLS Client\;C:\Windows\system32;C:\Windows;C:\Windows\System32\Wbem;C:\Windows\System32\WindowsPowerShell\v1.0\;C:\Program Files (x86)\NVIDIA Corporation\PhysX\Common;C:\Program Files (x86)\Intel\Intel(R) Management Engine Components\DAL;C:\Program Files\Intel\Intel(R) Management Engine Components\DAL;C:\Program Files (x86)\Intel\Intel(R) Management Engine Components\IPT;C:\Program Files\Intel\Intel(R) Management Engine Components\IPT;C:\MinGW\bin;C:\WINDOWS\system32;C:\WINDOWS;C:\WINDOWS\System32\Wbem;C:\WINDOWS\System32\WindowsPowerShell\v1.0\;C:\WINDOWS\System32\OpenSSH\;C:\Program Files\NVIDIA Corporation\NVIDIA NvDLISR;C:\WINDOWS\system32;C:\WINDOWS;C:\WINDOWS\System32\Wbem;C:\WINDOWS\System32\WindowsPowerShell\v1.0\;C:\WINDOWS\System32\OpenSSH\;C:\Program Files\Intel\WiFi\bin\;C:\Program Files\Common Files\Intel\WirelessCommon\;D:\apache-maven-3.5.2\bin;C:\Users\l8124\AppData\Local\Microsoft\WindowsApps;C:\MinGW\bin;C:\Users\l8124\AppData\Local\GitHubDesktop\bin;C:\Users\l8124\AppData\Local\BypassRuntm;%USERPROFILE%\AppData\Local\Microsoft\WindowsApps;
USERNAME=l8124
OS=Windows_NT
PROCESSOR_IDENTIFIER=Intel64 Family 6 Model 94 Stepping 3, GenuineIntel



---------------  S Y S T E M  ---------------

OS: Windows 10.0 , 64 bit Build 18362 (10.0.18362.329)

CPU:total 4 (initial active 4) (4 cores per cpu, 1 threads per core) family 6 model 94 stepping 3, cmov, cx8, fxsr, mmx, sse, sse2, sse3, ssse3, sse4.1, sse4.2, popcnt, avx, avx2, aes, clmul, erms, rtm, 3dnowpref, lzcnt, tsc, tscinvbit, bmi1, bmi2, adx

Memory: 4k page, physical 8256092k(1105836k free), swap 8256092k(3100k free)

vm_info: Java HotSpot(TM) 64-Bit Server VM (25.231-b11) for windows-amd64 JRE (1.8.0_231-b11), built on Oct  5 2019 03:11:30 by "java_re" with MS VC++ 10.0 (VS2010)

time: Tue Mar 03 21:17:35 2020
timezone: 中国标准时间
elapsed time: 3 seconds (0d 0h 0m 3s)

