#
# There is insufficient memory for the Java Runtime Environment to continue.
# Native memory allocation (malloc) failed to allocate 1238816 bytes for Chunk::new
# Possible reasons:
#   The system is out of physical RAM or swap space
#   The process is running with CompressedOops enabled, and the Java Heap may be blocking the growth of the native heap
# Possible solutions:
#   Reduce memory load on the system
#   Increase physical memory or swap space
#   Check if swap backing store is full
#   Decrease Java heap size (-Xmx/-Xms)
#   Decrease number of Java threads
#   Decrease Java thread stack sizes (-Xss)
#   Set larger code cache with -XX:ReservedCodeCacheSize=
#   JVM is running with Unscaled Compressed Oops mode in which the Java heap is
#     placed in the first 4GB address space. The Java Heap base address is the
#     maximum limit for the native heap growth. Please use -XX:HeapBaseMinAddress
#     to set the Java Heap base and to place the Java Heap above 4GB virtual address.
# This output file may be truncated or incomplete.
#
#  Out of Memory Error (allocation.cpp:389), pid=18388, tid=0x000000000000450c
#
# JRE version: Java(TM) SE Runtime Environment (8.0_231-b11) (build 1.8.0_231-b11)
# Java VM: Java HotSpot(TM) 64-Bit Server VM (25.231-b11 mixed mode windows-amd64 compressed oops)
# Failed to write core dump. Minidumps are not enabled by default on client versions of Windows
#

---------------  T H R E A D  ---------------

Current thread (0x0000000018a0d000):  JavaThread "C2 CompilerThread0" daemon [_thread_in_native, id=17676, stack(0x00000000190e0000,0x00000000191e0000)]

Stack: [0x00000000190e0000,0x00000000191e0000]
[error occurred during error reporting (printing stack bounds), id 0xc0000005]

Native frames: (J=compiled Java code, j=interpreted, Vv=VM code, C=native code)


Current CompileTask:
C2:   9766 4457   !   4       java.net.URLClassLoader$1::run (63 bytes)


---------------  P R O C E S S  ---------------

Java Threads: ( => current thread )
  0x0000000018a7b000 JavaThread "Service Thread" daemon [_thread_blocked, id=17884, stack(0x00000000193e0000,0x00000000194e0000)]
  0x0000000018a77800 JavaThread "C1 CompilerThread2" daemon [_thread_blocked, id=16364, stack(0x00000000192e0000,0x00000000193e0000)]
  0x0000000018a12000 JavaThread "C2 CompilerThread1" daemon [_thread_in_native, id=17900, stack(0x00000000191e0000,0x00000000192e0000)]
=>0x0000000018a0d000 JavaThread "C2 CompilerThread0" daemon [_thread_in_native, id=17676, stack(0x00000000190e0000,0x00000000191e0000)]
  0x00000000176ee000 JavaThread "Monitor Ctrl-Break" daemon [_thread_in_native, id=17860, stack(0x0000000018fe0000,0x00000000190e0000)]
  0x00000000176a0000 JavaThread "Attach Listener" daemon [_thread_blocked, id=17968, stack(0x0000000018ee0000,0x0000000018fe0000)]
  0x00000000189f0800 JavaThread "Signal Dispatcher" daemon [_thread_blocked, id=18052, stack(0x0000000018de0000,0x0000000018ee0000)]
  0x0000000002ac5800 JavaThread "Finalizer" daemon [_thread_blocked, id=16172, stack(0x00000000188e0000,0x00000000189e0000)]
  0x0000000002ac2800 JavaThread "Reference Handler" daemon [_thread_blocked, id=15048, stack(0x00000000187e0000,0x00000000188e0000)]
  0x00000000029d2800 JavaThread "main" [_thread_in_Java, id=17716, stack(0x0000000002460000,0x0000000002560000)]

Other Threads:
  0x0000000017657000 VMThread [stack: 0x00000000186e0000,0x00000000187e0000] [id=704]
  0x0000000018aa5000 WatcherThread [stack: 0x00000000194e0000,0x00000000195e0000] [id=8016]

VM state:not at safepoint (normal execution)

VM Mutex/Monitor currently owned by a thread: None

heap address: 0x0000000082000000, size: 2016 MB, Compressed Oops mode: 32-bit
Narrow klass base: 0x0000000000000000, Narrow klass shift: 3
Compressed class space size: 1073741824 Address: 0x0000000100000000

Heap:
 PSYoungGen      total 111104K, used 30155K [0x00000000d6000000, 0x00000000df400000, 0x0000000100000000)
  eden space 100864K, 19% used [0x00000000d6000000,0x00000000d73761f8,0x00000000dc280000)
  from space 10240K, 99% used [0x00000000dea00000,0x00000000df3fccf8,0x00000000df400000)
  to   space 12288K, 0% used [0x00000000ddc00000,0x00000000ddc00000,0x00000000de800000)
 ParOldGen       total 62464K, used 13105K [0x0000000082000000, 0x0000000085d00000, 0x00000000d6000000)
  object space 62464K, 20% used [0x0000000082000000,0x0000000082ccc7c0,0x0000000085d00000)
 Metaspace       used 25107K, capacity 25786K, committed 25984K, reserved 1073152K
  class space    used 2952K, capacity 3078K, committed 3200K, reserved 1048576K

Card table byte_map: [0x0000000011f60000,0x0000000012360000] byte_map_base: 0x0000000011b50000

Marking Bits: (ParMarkBitMap*) 0x00000000729c6d90
 Begin Bits: [0x0000000012a00000, 0x0000000014980000)
 End Bits:   [0x0000000014980000, 0x0000000016900000)

Polling page: 0x00000000007f0000

CodeCache: size=245760Kb used=14844Kb max_used=16075Kb free=230915Kb
 bounds [0x0000000002ba0000, 0x0000000003b70000, 0x0000000011ba0000]
 total_blobs=4573 nmethods=4165 adapters=320
 compilation: enabled

Compilation events (10 events):
Event: 9.699 Thread 0x0000000018a77800 4508   !   3       java.lang.ClassLoader::definePackage (77 bytes)
Event: 9.699 Thread 0x0000000018a77800 nmethod 4508 0x0000000002f79150 code [0x0000000002f79300, 0x0000000002f799b8]
Event: 9.737 Thread 0x0000000018a77800 4509       3       sun.misc.URLClassPath::findResource (47 bytes)
Event: 9.737 Thread 0x0000000018a77800 nmethod 4509 0x0000000002f48210 code [0x0000000002f483a0, 0x0000000002f48768]
Event: 9.737 Thread 0x0000000018a77800 4510       3       java.lang.ClassLoader::getResource (36 bytes)
Event: 9.738 Thread 0x0000000018a77800 nmethod 4510 0x0000000002cb1710 code [0x0000000002cb18e0, 0x0000000002cb1f58]
Event: 9.738 Thread 0x0000000018a77800 4511       1       java.util.logging.Logger::getName (5 bytes)
Event: 9.738 Thread 0x0000000018a77800 nmethod 4511 0x0000000002fc72d0 code [0x0000000002fc7420, 0x0000000002fc7530]
Event: 9.738 Thread 0x0000000018a77800 4512       3       java.util.Locale::getDefault (4 bytes)
Event: 9.739 Thread 0x0000000018a77800 nmethod 4512 0x0000000003161dd0 code [0x0000000003161f20, 0x0000000003162070]

GC Heap History (10 events):
Event: 3.337 GC heap before
{Heap before GC invocations=3 (full 0):
 PSYoungGen      total 37888K, used 37879K [0x00000000d6000000, 0x00000000d8a00000, 0x0000000100000000)
  eden space 32768K, 100% used [0x00000000d6000000,0x00000000d8000000,0x00000000d8000000)
  from space 5120K, 99% used [0x00000000d8500000,0x00000000d89fdd58,0x00000000d8a00000)
  to   space 5120K, 0% used [0x00000000d8000000,0x00000000d8000000,0x00000000d8500000)
 ParOldGen       total 86016K, used 2025K [0x0000000082000000, 0x0000000087400000, 0x00000000d6000000)
  object space 86016K, 2% used [0x0000000082000000,0x00000000821fa5e0,0x0000000087400000)
 Metaspace       used 15648K, capacity 15908K, committed 16128K, reserved 1062912K
  class space    used 1909K, capacity 2005K, committed 2048K, reserved 1048576K
Event: 3.376 GC heap after
Heap after GC invocations=3 (full 0):
 PSYoungGen      total 37888K, used 5088K [0x00000000d6000000, 0x00000000daa00000, 0x0000000100000000)
  eden space 32768K, 0% used [0x00000000d6000000,0x00000000d6000000,0x00000000d8000000)
  from space 5120K, 99% used [0x00000000d8000000,0x00000000d84f8070,0x00000000d8500000)
  to   space 5120K, 0% used [0x00000000da500000,0x00000000da500000,0x00000000daa00000)
 ParOldGen       total 86016K, used 4697K [0x0000000082000000, 0x0000000087400000, 0x00000000d6000000)
  object space 86016K, 5% used [0x0000000082000000,0x0000000082496660,0x0000000087400000)
 Metaspace       used 15648K, capacity 15908K, committed 16128K, reserved 1062912K
  class space    used 1909K, capacity 2005K, committed 2048K, reserved 1048576K
}
Event: 4.356 GC heap before
{Heap before GC invocations=4 (full 0):
 PSYoungGen      total 37888K, used 37856K [0x00000000d6000000, 0x00000000daa00000, 0x0000000100000000)
  eden space 32768K, 100% used [0x00000000d6000000,0x00000000d8000000,0x00000000d8000000)
  from space 5120K, 99% used [0x00000000d8000000,0x00000000d84f8070,0x00000000d8500000)
  to   space 5120K, 0% used [0x00000000da500000,0x00000000da500000,0x00000000daa00000)
 ParOldGen       total 86016K, used 4697K [0x0000000082000000, 0x0000000087400000, 0x00000000d6000000)
  object space 86016K, 5% used [0x0000000082000000,0x0000000082496660,0x0000000087400000)
 Metaspace       used 16306K, capacity 16690K, committed 16896K, reserved 1064960K
  class space    used 1946K, capacity 2044K, committed 2048K, reserved 1048576K
Event: 4.367 GC heap after
Heap after GC invocations=4 (full 0):
 PSYoungGen      total 70656K, used 5112K [0x00000000d6000000, 0x00000000daa00000, 0x0000000100000000)
  eden space 65536K, 0% used [0x00000000d6000000,0x00000000d6000000,0x00000000da000000)
  from space 5120K, 99% used [0x00000000da500000,0x00000000da9fe030,0x00000000daa00000)
  to   space 5120K, 0% used [0x00000000da000000,0x00000000da000000,0x00000000da500000)
 ParOldGen       total 86016K, used 6980K [0x0000000082000000, 0x0000000087400000, 0x00000000d6000000)
  object space 86016K, 8% used [0x0000000082000000,0x00000000826d12e8,0x0000000087400000)
 Metaspace       used 16306K, capacity 16690K, committed 16896K, reserved 1064960K
  class space    used 1946K, capacity 2044K, committed 2048K, reserved 1048576K
}
Event: 6.677 GC heap before
{Heap before GC invocations=5 (full 0):
 PSYoungGen      total 70656K, used 62303K [0x00000000d6000000, 0x00000000daa00000, 0x0000000100000000)
  eden space 65536K, 87% used [0x00000000d6000000,0x00000000d97d9c88,0x00000000da000000)
  from space 5120K, 99% used [0x00000000da500000,0x00000000da9fe030,0x00000000daa00000)
  to   space 5120K, 0% used [0x00000000da000000,0x00000000da000000,0x00000000da500000)
 ParOldGen       total 86016K, used 6980K [0x0000000082000000, 0x0000000087400000, 0x00000000d6000000)
  object space 86016K, 8% used [0x0000000082000000,0x00000000826d12e8,0x0000000087400000)
 Metaspace       used 20626K, capacity 21136K, committed 21296K, reserved 1069056K
  class space    used 2493K, capacity 2613K, committed 2688K, reserved 1048576K
Event: 6.689 GC heap after
Heap after GC invocations=5 (full 0):
 PSYoungGen      total 70656K, used 5096K [0x00000000d6000000, 0x00000000df400000, 0x0000000100000000)
  eden space 65536K, 0% used [0x00000000d6000000,0x00000000d6000000,0x00000000da000000)
  from space 5120K, 99% used [0x00000000da000000,0x00000000da4fa020,0x00000000da500000)
  to   space 10240K, 0% used [0x00000000dea00000,0x00000000dea00000,0x00000000df400000)
 ParOldGen       total 86016K, used 11056K [0x0000000082000000, 0x0000000087400000, 0x00000000d6000000)
  object space 86016K, 12% used [0x0000000082000000,0x0000000082acc030,0x0000000087400000)
 Metaspace       used 20626K, capacity 21136K, committed 21296K, reserved 1069056K
  class space    used 2493K, capacity 2613K, committed 2688K, reserved 1048576K
}
Event: 6.689 GC heap before
{Heap before GC invocations=6 (full 1):
 PSYoungGen      total 70656K, used 5096K [0x00000000d6000000, 0x00000000df400000, 0x0000000100000000)
  eden space 65536K, 0% used [0x00000000d6000000,0x00000000d6000000,0x00000000da000000)
  from space 5120K, 99% used [0x00000000da000000,0x00000000da4fa020,0x00000000da500000)
  to   space 10240K, 0% used [0x00000000dea00000,0x00000000dea00000,0x00000000df400000)
 ParOldGen       total 86016K, used 11056K [0x0000000082000000, 0x0000000087400000, 0x00000000d6000000)
  object space 86016K, 12% used [0x0000000082000000,0x0000000082acc030,0x0000000087400000)
 Metaspace       used 20626K, capacity 21136K, committed 21296K, reserved 1069056K
  class space    used 2493K, capacity 2613K, committed 2688K, reserved 1048576K
Event: 6.765 GC heap after
Heap after GC invocations=6 (full 1):
 PSYoungGen      total 70656K, used 0K [0x00000000d6000000, 0x00000000df400000, 0x0000000100000000)
  eden space 65536K, 0% used [0x00000000d6000000,0x00000000d6000000,0x00000000da000000)
  from space 5120K, 0% used [0x00000000da000000,0x00000000da000000,0x00000000da500000)
  to   space 10240K, 0% used [0x00000000dea00000,0x00000000dea00000,0x00000000df400000)
 ParOldGen       total 62464K, used 11001K [0x0000000082000000, 0x0000000085d00000, 0x00000000d6000000)
  object space 62464K, 17% used [0x0000000082000000,0x0000000082abe410,0x0000000085d00000)
 Metaspace       used 20626K, capacity 21136K, committed 21296K, reserved 1069056K
  class space    used 2493K, capacity 2613K, committed 2688K, reserved 1048576K
}
Event: 9.333 GC heap before
{Heap before GC invocations=7 (full 1):
 PSYoungGen      total 70656K, used 65536K [0x00000000d6000000, 0x00000000df400000, 0x0000000100000000)
  eden space 65536K, 100% used [0x00000000d6000000,0x00000000da000000,0x00000000da000000)
  from space 5120K, 0% used [0x00000000da000000,0x00000000da000000,0x00000000da500000)
  to   space 10240K, 0% used [0x00000000dea00000,0x00000000dea00000,0x00000000df400000)
 ParOldGen       total 62464K, used 11001K [0x0000000082000000, 0x0000000085d00000, 0x00000000d6000000)
  object space 62464K, 17% used [0x0000000082000000,0x0000000082abe410,0x0000000085d00000)
 Metaspace       used 23736K, capacity 24386K, committed 24448K, reserved 1071104K
  class space    used 2763K, capacity 2910K, committed 2944K, reserved 1048576K
Event: 9.347 GC heap after
Heap after GC invocations=7 (full 1):
 PSYoungGen      total 111104K, used 10227K [0x00000000d6000000, 0x00000000df400000, 0x0000000100000000)
  eden space 100864K, 0% used [0x00000000d6000000,0x00000000d6000000,0x00000000dc280000)
  from space 10240K, 99% used [0x00000000dea00000,0x00000000df3fccf8,0x00000000df400000)
  to   space 12288K, 0% used [0x00000000ddc00000,0x00000000ddc00000,0x00000000de800000)
 ParOldGen       total 62464K, used 13105K [0x0000000082000000, 0x0000000085d00000, 0x00000000d6000000)
  object space 62464K, 20% used [0x0000000082000000,0x0000000082ccc7c0,0x0000000085d00000)
 Metaspace       used 23736K, capacity 24386K, committed 24448K, reserved 1071104K
  class space    used 2763K, capacity 2910K, committed 2944K, reserved 1048576K
}

Deoptimization events (10 events):
Event: 9.691 Thread 0x00000000029d2800 Uncommon trap: reason=unstable_if action=reinterpret pc=0x000000000353b8bc method=java.util.Properties$LineReader.readLine()I @ 200
Event: 9.692 Thread 0x00000000029d2800 Uncommon trap: reason=unstable_if action=reinterpret pc=0x00000000034b02cc method=java.util.Properties$LineReader.readLine()I @ 323
Event: 9.692 Thread 0x00000000029d2800 Uncommon trap: reason=unstable_if action=reinterpret pc=0x00000000034b67d4 method=java.util.Properties.loadConvert([CII[C)Ljava/lang/String; @ 4
Event: 9.700 Thread 0x00000000029d2800 Uncommon trap: reason=class_check action=maybe_recompile pc=0x00000000032eac88 method=java.util.Hashtable.get(Ljava/lang/Object;)Ljava/lang/Object; @ 6
Event: 9.738 Thread 0x00000000029d2800 Uncommon trap: reason=class_check action=maybe_recompile pc=0x00000000032c4464 method=java.util.Hashtable.put(Ljava/lang/Object;Ljava/lang/Object;)Ljava/lang/Object; @ 18
Event: 9.738 Thread 0x00000000029d2800 Uncommon trap: reason=class_check action=maybe_recompile pc=0x00000000032eac88 method=java.util.Hashtable.get(Ljava/lang/Object;)Ljava/lang/Object; @ 6
Event: 9.738 Thread 0x00000000029d2800 Uncommon trap: reason=class_check action=maybe_recompile pc=0x00000000032eac88 method=java.util.Hashtable.get(Ljava/lang/Object;)Ljava/lang/Object; @ 6
Event: 9.740 Thread 0x00000000029d2800 Uncommon trap: reason=class_check action=maybe_recompile pc=0x00000000032c4464 method=java.util.Hashtable.put(Ljava/lang/Object;Ljava/lang/Object;)Ljava/lang/Object; @ 18
Event: 9.745 Thread 0x00000000029d2800 Uncommon trap: reason=class_check action=maybe_recompile pc=0x00000000032eac88 method=java.util.Hashtable.get(Ljava/lang/Object;)Ljava/lang/Object; @ 6
Event: 9.748 Thread 0x00000000029d2800 Uncommon trap: reason=class_check action=maybe_recompile pc=0x00000000032c4464 method=java.util.Hashtable.put(Ljava/lang/Object;Ljava/lang/Object;)Ljava/lang/Object; @ 18

Classes redefined (0 events):
No events

Internal exceptions (10 events):
Event: 2.985 Thread 0x00000000029d2800 Implicit null exception at 0x0000000002d50fd8 to 0x0000000002d51191
Event: 3.477 Thread 0x00000000029d2800 Implicit null exception at 0x0000000002fa07d5 to 0x0000000002fa09ad
Event: 3.477 Thread 0x00000000029d2800 Implicit null exception at 0x0000000002f64b6f to 0x0000000002f64bd9
Event: 3.523 Thread 0x00000000029d2800 Implicit null exception at 0x00000000031fa4e5 to 0x00000000031fb6bd
Event: 3.639 Thread 0x00000000029d2800 Implicit null exception at 0x0000000003020c1b to 0x0000000003021091
Event: 5.964 Thread 0x00000000029d2800 Implicit null exception at 0x0000000003556897 to 0x0000000003557b4d
Event: 6.063 Thread 0x00000000029d2800 Exception <a 'java/lang/ClassNotFoundException': com/sun/tools/javac/api/JavacTool> (0x00000000d8b95c90) thrown at [C:\re\workspace\8-2-build-windows-amd64-cygwin\jdk8u231\13620\hotspot\src\share\vm\classfile\systemDictionary.cpp, line 210]
Event: 7.353 Thread 0x00000000029d2800 Exception <a 'java/io/FileNotFoundException'> (0x00000000d6a318a8) thrown at [C:\re\workspace\8-2-build-windows-amd64-cygwin\jdk8u231\13620\hotspot\src\share\vm\prims\jni.cpp, line 710]
Event: 7.414 Thread 0x00000000029d2800 Exception <a 'java/io/FileNotFoundException'> (0x00000000d6a67af8) thrown at [C:\re\workspace\8-2-build-windows-amd64-cygwin\jdk8u231\13620\hotspot\src\share\vm\prims\jni.cpp, line 710]
Event: 9.690 Thread 0x00000000029d2800 Exception <a 'java/io/FileNotFoundException'> (0x00000000d6fec098) thrown at [C:\re\workspace\8-2-build-windows-amd64-cygwin\jdk8u231\13620\hotspot\src\share\vm\prims\jni.cpp, line 710]

Events (10 events):
Event: 9.748 loading class org/apache/catalina/core/StandardPipeline
Event: 9.748 loading class org/apache/catalina/core/StandardPipeline done
Event: 9.748 loading class org/apache/catalina/Contained
Event: 9.748 loading class org/apache/catalina/Contained done
Event: 9.748 loading class org/apache/catalina/Contained
Event: 9.748 loading class org/apache/catalina/Contained done
Event: 9.749 loading class java/util/concurrent/locks/ReentrantReadWriteLock
Event: 9.749 loading class java/util/concurrent/locks/ReentrantReadWriteLock done
Event: 9.749 loading class java/util/concurrent/locks/ReentrantReadWriteLock$NonfairSync
Event: 9.749 loading class java/util/concurrent/locks/ReentrantReadWriteLock$Sync


Dynamic libraries:
0x00007ff6e3120000 - 0x00007ff6e3157000 	C:\Program Files\Java\jdk1.8.0_231\bin\java.exe
0x00007ff9ff4e0000 - 0x00007ff9ff6d0000 	C:\WINDOWS\SYSTEM32\ntdll.dll
0x00007ff9fe040000 - 0x00007ff9fe0f2000 	C:\WINDOWS\System32\KERNEL32.DLL
0x00007ff9fd010000 - 0x00007ff9fd2b3000 	C:\WINDOWS\System32\KERNELBASE.dll
0x00007ff9fdf90000 - 0x00007ff9fe033000 	C:\WINDOWS\System32\ADVAPI32.dll
0x00007ff9fe250000 - 0x00007ff9fe2ee000 	C:\WINDOWS\System32\msvcrt.dll
0x00007ff9fd590000 - 0x00007ff9fd627000 	C:\WINDOWS\System32\sechost.dll
0x00007ff9fe540000 - 0x00007ff9fe660000 	C:\WINDOWS\System32\RPCRT4.dll
0x00007ff9ff150000 - 0x00007ff9ff2e4000 	C:\WINDOWS\System32\USER32.dll
0x00007ff9fc840000 - 0x00007ff9fc861000 	C:\WINDOWS\System32\win32u.dll
0x00007ff9fe300000 - 0x00007ff9fe326000 	C:\WINDOWS\System32\GDI32.dll
0x00007ff9fd2c0000 - 0x00007ff9fd454000 	C:\WINDOWS\System32\gdi32full.dll
0x00007ff9fc470000 - 0x00007ff9fc50e000 	C:\WINDOWS\System32\msvcp_win.dll
0x00007ff9fd490000 - 0x00007ff9fd58a000 	C:\WINDOWS\System32\ucrtbase.dll
0x00007ff9eded0000 - 0x00007ff9ee155000 	C:\WINDOWS\WinSxS\amd64_microsoft.windows.common-controls_6595b64144ccf1df_6.0.18362.657_none_e6c5b579130e3898\COMCTL32.dll
0x00007ff9fd630000 - 0x00007ff9fd966000 	C:\WINDOWS\System32\combase.dll
0x00007ff9fc6b0000 - 0x00007ff9fc730000 	C:\WINDOWS\System32\bcryptPrimitives.dll
0x00007ff9ff0b0000 - 0x00007ff9ff0de000 	C:\WINDOWS\System32\IMM32.DLL
0x0000000072a50000 - 0x0000000072b22000 	C:\Program Files\Java\jdk1.8.0_231\jre\bin\msvcr100.dll
0x00000000721a0000 - 0x0000000072a46000 	C:\Program Files\Java\jdk1.8.0_231\jre\bin\server\jvm.dll
0x00007ff9ff2f0000 - 0x00007ff9ff2f8000 	C:\WINDOWS\System32\PSAPI.DLL
0x00007ff9faeb0000 - 0x00007ff9faeb9000 	C:\WINDOWS\SYSTEM32\WSOCK32.dll
0x00007ff9ff0e0000 - 0x00007ff9ff14f000 	C:\WINDOWS\System32\WS2_32.dll
0x00007ff9f7cd0000 - 0x00007ff9f7cf4000 	C:\WINDOWS\SYSTEM32\WINMM.dll
0x00007ff9f4490000 - 0x00007ff9f449a000 	C:\WINDOWS\SYSTEM32\VERSION.dll
0x00007ff9f7ca0000 - 0x00007ff9f7ccd000 	C:\WINDOWS\SYSTEM32\WINMMBASE.dll
0x00007ff9fc660000 - 0x00007ff9fc6aa000 	C:\WINDOWS\System32\cfgmgr32.dll
0x00007ff9f7d50000 - 0x00007ff9f7d5f000 	C:\Program Files\Java\jdk1.8.0_231\jre\bin\verify.dll
0x00007ff9f6120000 - 0x00007ff9f6149000 	C:\Program Files\Java\jdk1.8.0_231\jre\bin\java.dll
0x00007ff9f5fa0000 - 0x00007ff9f5fc3000 	C:\Program Files\Java\jdk1.8.0_231\jre\bin\instrument.dll
0x00007ff9f74d0000 - 0x00007ff9f74e6000 	C:\Program Files\Java\jdk1.8.0_231\jre\bin\zip.dll
0x00007ff9fe9c0000 - 0x00007ff9ff0a5000 	C:\WINDOWS\System32\SHELL32.dll
0x00007ff9fe680000 - 0x00007ff9fe729000 	C:\WINDOWS\System32\shcore.dll
0x00007ff9fc870000 - 0x00007ff9fcfef000 	C:\WINDOWS\System32\windows.storage.dll
0x00007ff9fc400000 - 0x00007ff9fc41f000 	C:\WINDOWS\System32\profapi.dll
0x00007ff9fc420000 - 0x00007ff9fc46a000 	C:\WINDOWS\System32\powrprof.dll
0x00007ff9fc3b0000 - 0x00007ff9fc3c0000 	C:\WINDOWS\System32\UMPDC.dll
0x00007ff9fe100000 - 0x00007ff9fe152000 	C:\WINDOWS\System32\shlwapi.dll
0x00007ff9fc3e0000 - 0x00007ff9fc3f1000 	C:\WINDOWS\System32\kernel.appcore.dll
0x00007ff9fcff0000 - 0x00007ff9fd007000 	C:\WINDOWS\System32\cryptsp.dll
0x00007ff9f4600000 - 0x00007ff9f461a000 	C:\Program Files\JetBrains\IntelliJ IDEA 2019.3.1\bin\breakgen64.dll
0x00007ff9f45e0000 - 0x00007ff9f45fa000 	C:\Program Files\Java\jdk1.8.0_231\jre\bin\net.dll
0x00007ff9fbc20000 - 0x00007ff9fbc87000 	C:\WINDOWS\system32\mswsock.dll
0x00007ff9fb790000 - 0x00007ff9fb7c3000 	C:\WINDOWS\system32\rsaenh.dll
0x00007ff9fd460000 - 0x00007ff9fd486000 	C:\WINDOWS\System32\bcrypt.dll
0x00007ff9fc2d0000 - 0x00007ff9fc2f5000 	C:\WINDOWS\SYSTEM32\USERENV.dll
0x00007ff9fbdf0000 - 0x00007ff9fbdfc000 	C:\WINDOWS\SYSTEM32\CRYPTBASE.dll
0x00007ff9fb930000 - 0x00007ff9fb96a000 	C:\WINDOWS\SYSTEM32\IPHLPAPI.DLL
0x00007ff9fe9b0000 - 0x00007ff9fe9b8000 	C:\WINDOWS\System32\NSI.dll
0x00007ff9f25c0000 - 0x00007ff9f25d6000 	C:\WINDOWS\SYSTEM32\dhcpcsvc6.DLL
0x00007ff9f3c00000 - 0x00007ff9f3c1c000 	C:\WINDOWS\SYSTEM32\dhcpcsvc.DLL
0x00007ff9fb970000 - 0x00007ff9fba3a000 	C:\WINDOWS\SYSTEM32\DNSAPI.dll
0x00007ff9f45c0000 - 0x00007ff9f45d2000 	C:\Program Files\Java\jdk1.8.0_231\jre\bin\nio.dll
0x00007ff9f7d30000 - 0x00007ff9f7d3a000 	C:\Users\l8124\AppData\Local\Temp\jansi-1.16-3014999525301184876.dll
0x00007ff9f7d00000 - 0x00007ff9f7d0a000 	C:\Users\l8124\AppData\Local\Temp\jansi-1.16-8648319630716044484.dll

VM Arguments:
jvm_args: -Dmaven.multiModuleProjectDirectory=D:\JavaSE\travel -DarchetypeCatalog=internal -Dmaven.home=D:\apache-maven-3.5.2 -Dclassworlds.conf=D:\apache-maven-3.5.2\bin\m2.conf -Dmaven.ext.class.path=C:\Program Files\JetBrains\IntelliJ IDEA 2019.3.1\plugins\maven\lib\maven-event-listener.jar -javaagent:C:\Program Files\JetBrains\IntelliJ IDEA 2019.3.1\lib\idea_rt.jar=64222:C:\Program Files\JetBrains\IntelliJ IDEA 2019.3.1\bin -Dfile.encoding=UTF-8 
java_command: org.codehaus.classworlds.Launcher -Didea.version2019.3.1 -s D:\apache-maven-3.5.2\conf\settings.xml tomcat7:run
java_class_path (initial): D:\apache-maven-3.5.2\boot\plexus-classworlds-2.5.2.jar;C:\Program Files\JetBrains\IntelliJ IDEA 2019.3.1\lib\idea_rt.jar
Launcher Type: SUN_STANDARD

Environment Variables:
JAVA_HOME=C:\Program Files\Java\jdk1.8.0_231
CLASSPATH= .;C:\Program Files\Java\jdk1.8.0_231\lib\dt.jar;C:\Program Files\Java\jdk1.8.0_231\lib\tools.jar;
PATH=C:\Program Files (x86)\Common Files\Oracle\Java\javapath;C:\Program Files\Java\jdk1.8.0_231\bin\;C:\Program Files (x86)\Intel\iCLS Client\;C:\Program Files\Intel\iCLS Client\;C:\Windows\system32;C:\Windows;C:\Windows\System32\Wbem;C:\Windows\System32\WindowsPowerShell\v1.0\;C:\Program Files (x86)\NVIDIA Corporation\PhysX\Common;C:\Program Files (x86)\Intel\Intel(R) Management Engine Components\DAL;C:\Program Files\Intel\Intel(R) Management Engine Components\DAL;C:\Program Files (x86)\Intel\Intel(R) Management Engine Components\IPT;C:\Program Files\Intel\Intel(R) Management Engine Components\IPT;C:\MinGW\bin;C:\WINDOWS\system32;C:\WINDOWS;C:\WINDOWS\System32\Wbem;C:\WINDOWS\System32\WindowsPowerShell\v1.0\;C:\WINDOWS\System32\OpenSSH\;C:\Program Files\NVIDIA Corporation\NVIDIA NvDLISR;C:\WINDOWS\system32;C:\WINDOWS;C:\WINDOWS\System32\Wbem;C:\WINDOWS\System32\WindowsPowerShell\v1.0\;C:\WINDOWS\System32\OpenSSH\;C:\Program Files\Intel\WiFi\bin\;C:\Program Files\Common Files\Intel\WirelessCommon\;D:\apache-maven-3.5.2\bin;C:\Users\l8124\AppData\Local\Microsoft\WindowsApps;C:\MinGW\bin;C:\Users\l8124\AppData\Local\GitHubDesktop\bin;C:\Users\l8124\AppData\Local\BypassRuntm;%USERPROFILE%\AppData\Local\Microsoft\WindowsApps;
USERNAME=l8124
OS=Windows_NT
PROCESSOR_IDENTIFIER=Intel64 Family 6 Model 94 Stepping 3, GenuineIntel



---------------  S Y S T E M  ---------------

OS: Windows 10.0 , 64 bit Build 18362 (10.0.18362.329)

CPU:total 4 (initial active 4) (4 cores per cpu, 1 threads per core) family 6 model 94 stepping 3, cmov, cx8, fxsr, mmx, sse, sse2, sse3, ssse3, sse4.1, sse4.2, popcnt, avx, avx2, aes, clmul, erms, rtm, 3dnowpref, lzcnt, tsc, tscinvbit, bmi1, bmi2, adx

Memory: 4k page, physical 8256092k(1113488k free), swap 8256092k(5284k free)

vm_info: Java HotSpot(TM) 64-Bit Server VM (25.231-b11) for windows-amd64 JRE (1.8.0_231-b11), built on Oct  5 2019 03:11:30 by "java_re" with MS VC++ 10.0 (VS2010)

time: Tue Feb 25 14:51:23 2020
timezone: 中国标准时间
elapsed time: 9 seconds (0d 0h 0m 9s)

