#
# There is insufficient memory for the Java Runtime Environment to continue.
# Native memory allocation (malloc) failed to allocate 32744 bytes for ChunkPool::allocate
# Possible reasons:
#   The system is out of physical RAM or swap space
#   The process is running with CompressedOops enabled, and the Java Heap may be blocking the growth of the native heap
# Possible solutions:
#   Reduce memory load on the system
#   Increase physical memory or swap space
#   Check if swap backing store is full
#   Decrease Java heap size (-Xmx/-Xms)
#   Decrease number of Java threads
#   Decrease Java thread stack sizes (-Xss)
#   Set larger code cache with -XX:ReservedCodeCacheSize=
#   JVM is running with Unscaled Compressed Oops mode in which the Java heap is
#     placed in the first 4GB address space. The Java Heap base address is the
#     maximum limit for the native heap growth. Please use -XX:HeapBaseMinAddress
#     to set the Java Heap base and to place the Java Heap above 4GB virtual address.
# This output file may be truncated or incomplete.
#
#  Out of Memory Error (allocation.cpp:272), pid=24904, tid=0x0000000000006780
#
# JRE version: Java(TM) SE Runtime Environment (8.0_231-b11) (build 1.8.0_231-b11)
# Java VM: Java HotSpot(TM) 64-Bit Server VM (25.231-b11 mixed mode windows-amd64 compressed oops)
# Failed to write core dump. Minidumps are not enabled by default on client versions of Windows
#

---------------  T H R E A D  ---------------

Current thread (0x0000000018737000):  JavaThread "C2 CompilerThread1" daemon [_thread_in_native, id=26496, stack(0x0000000018f00000,0x0000000019000000)]

Stack: [0x0000000018f00000,0x0000000019000000]
[error occurred during error reporting (printing stack bounds), id 0xc0000005]

Native frames: (J=compiled Java code, j=interpreted, Vv=VM code, C=native code)


Current CompileTask:
C2:  11048 4413       4       java.net.URLClassLoader$1::run (5 bytes)


---------------  P R O C E S S  ---------------

Java Threads: ( => current thread )
  0x00000000187c4000 JavaThread "Service Thread" daemon [_thread_blocked, id=15828, stack(0x0000000019100000,0x0000000019200000)]
  0x0000000018762000 JavaThread "C1 CompilerThread2" daemon [_thread_blocked, id=25880, stack(0x0000000019000000,0x0000000019100000)]
=>0x0000000018737000 JavaThread "C2 CompilerThread1" daemon [_thread_in_native, id=26496, stack(0x0000000018f00000,0x0000000019000000)]
  0x0000000018734000 JavaThread "C2 CompilerThread0" daemon [_thread_in_native, id=26088, stack(0x0000000018e00000,0x0000000018f00000)]
  0x0000000018731800 JavaThread "Monitor Ctrl-Break" daemon [_thread_in_native, id=23996, stack(0x0000000018d00000,0x0000000018e00000)]
  0x000000001740e800 JavaThread "Attach Listener" daemon [_thread_blocked, id=26580, stack(0x0000000018c00000,0x0000000018d00000)]
  0x00000000173a9800 JavaThread "Signal Dispatcher" daemon [_thread_blocked, id=20964, stack(0x0000000018b00000,0x0000000018c00000)]
  0x00000000028bb800 JavaThread "Finalizer" daemon [_thread_blocked, id=16776, stack(0x0000000018600000,0x0000000018700000)]
  0x00000000028b2800 JavaThread "Reference Handler" daemon [_thread_blocked, id=12624, stack(0x0000000018500000,0x0000000018600000)]
  0x00000000027c2800 JavaThread "main" [_thread_in_native, id=26592, stack(0x0000000002170000,0x0000000002270000)]

Other Threads:
  0x0000000017377800 VMThread [stack: 0x0000000018400000,0x0000000018500000] [id=25612]
  0x00000000187d4800 WatcherThread [stack: 0x0000000019200000,0x0000000019300000] [id=25676]

VM state:not at safepoint (normal execution)

VM Mutex/Monitor currently owned by a thread: None

heap address: 0x0000000082000000, size: 2016 MB, Compressed Oops mode: 32-bit
Narrow klass base: 0x0000000000000000, Narrow klass shift: 3
Compressed class space size: 1073741824 Address: 0x0000000100000000

Heap:
 PSYoungGen      total 63488K, used 33016K [0x00000000d6000000, 0x00000000dd580000, 0x0000000100000000)
  eden space 58368K, 47% used [0x00000000d6000000,0x00000000d7b44810,0x00000000d9900000)
  from space 5120K, 99% used [0x00000000da500000,0x00000000da9f9840,0x00000000daa00000)
  to   space 12288K, 0% used [0x00000000d9900000,0x00000000d9900000,0x00000000da500000)
 ParOldGen       total 65024K, used 17951K [0x0000000082000000, 0x0000000085f80000, 0x00000000d6000000)
  object space 65024K, 27% used [0x0000000082000000,0x0000000083187f30,0x0000000085f80000)
 Metaspace       used 27209K, capacity 27804K, committed 28032K, reserved 1073152K
  class space    used 3203K, capacity 3365K, committed 3456K, reserved 1048576K

Card table byte_map: [0x0000000011c80000,0x0000000012080000] byte_map_base: 0x0000000011870000

Marking Bits: (ParMarkBitMap*) 0x00000000720f6d90
 Begin Bits: [0x0000000012720000, 0x00000000146a0000)
 End Bits:   [0x00000000146a0000, 0x0000000016620000)

Polling page: 0x0000000000560000

CodeCache: size=245760Kb used=14462Kb max_used=15245Kb free=231297Kb
 bounds [0x00000000028c0000, 0x00000000037c0000, 0x00000000118c0000]
 total_blobs=4590 nmethods=4163 adapters=339
 compilation: enabled

Compilation events (10 events):
Event: 11.011 Thread 0x0000000018762000 4524       3       java.util.IdentityHashMap::containsKey (55 bytes)
Event: 11.011 Thread 0x0000000018762000 nmethod 4524 0x0000000002b53a50 code [0x0000000002b53be0, 0x0000000002b54068]
Event: 11.018 Thread 0x0000000018762000 4525       3       java.util.TreeMap::values (25 bytes)
Event: 11.018 Thread 0x0000000018762000 nmethod 4525 0x0000000002b53450 code [0x0000000002b535c0, 0x0000000002b538f0]
Event: 11.018 Thread 0x0000000018762000 4527       3       javax.management.ImmutableDescriptor::<init> (210 bytes)
Event: 11.019 Thread 0x0000000018762000 nmethod 4527 0x0000000002eb4450 code [0x0000000002eb47e0, 0x0000000002eb67a8]
Event: 11.019 Thread 0x0000000018762000 4526       3       java.util.TreeMap$Values::<init> (10 bytes)
Event: 11.019 Thread 0x0000000018762000 nmethod 4526 0x0000000002eb3fd0 code [0x0000000002eb4140, 0x0000000002eb4370]
Event: 11.019 Thread 0x0000000018762000 4528       3       java.util.TreeMap::rotateRight (96 bytes)
Event: 11.020 Thread 0x0000000018762000 nmethod 4528 0x0000000002eb39d0 code [0x0000000002eb3b40, 0x0000000002eb3e90]

GC Heap History (10 events):
Event: 3.810 GC heap before
{Heap before GC invocations=3 (full 0):
 PSYoungGen      total 37888K, used 37883K [0x00000000d6000000, 0x00000000d8a00000, 0x0000000100000000)
  eden space 32768K, 100% used [0x00000000d6000000,0x00000000d8000000,0x00000000d8000000)
  from space 5120K, 99% used [0x00000000d8500000,0x00000000d89fec88,0x00000000d8a00000)
  to   space 5120K, 0% used [0x00000000d8000000,0x00000000d8000000,0x00000000d8500000)
 ParOldGen       total 86016K, used 2145K [0x0000000082000000, 0x0000000087400000, 0x00000000d6000000)
  object space 86016K, 2% used [0x0000000082000000,0x0000000082218568,0x0000000087400000)
 Metaspace       used 15675K, capacity 15972K, committed 16128K, reserved 1062912K
  class space    used 1910K, capacity 2005K, committed 2048K, reserved 1048576K
Event: 3.827 GC heap after
Heap after GC invocations=3 (full 0):
 PSYoungGen      total 37888K, used 5089K [0x00000000d6000000, 0x00000000daa00000, 0x0000000100000000)
  eden space 32768K, 0% used [0x00000000d6000000,0x00000000d6000000,0x00000000d8000000)
  from space 5120K, 99% used [0x00000000d8000000,0x00000000d84f8470,0x00000000d8500000)
  to   space 5120K, 0% used [0x00000000da500000,0x00000000da500000,0x00000000daa00000)
 ParOldGen       total 86016K, used 5088K [0x0000000082000000, 0x0000000087400000, 0x00000000d6000000)
  object space 86016K, 5% used [0x0000000082000000,0x00000000824f8078,0x0000000087400000)
 Metaspace       used 15675K, capacity 15972K, committed 16128K, reserved 1062912K
  class space    used 1910K, capacity 2005K, committed 2048K, reserved 1048576K
}
Event: 5.783 GC heap before
{Heap before GC invocations=4 (full 0):
 PSYoungGen      total 37888K, used 37857K [0x00000000d6000000, 0x00000000daa00000, 0x0000000100000000)
  eden space 32768K, 100% used [0x00000000d6000000,0x00000000d8000000,0x00000000d8000000)
  from space 5120K, 99% used [0x00000000d8000000,0x00000000d84f8470,0x00000000d8500000)
  to   space 5120K, 0% used [0x00000000da500000,0x00000000da500000,0x00000000daa00000)
 ParOldGen       total 86016K, used 5088K [0x0000000082000000, 0x0000000087400000, 0x00000000d6000000)
  object space 86016K, 5% used [0x0000000082000000,0x00000000824f8078,0x0000000087400000)
 Metaspace       used 16358K, capacity 16704K, committed 16896K, reserved 1064960K
  class space    used 1952K, capacity 2046K, committed 2048K, reserved 1048576K
Event: 5.790 GC heap after
Heap after GC invocations=4 (full 0):
 PSYoungGen      total 70656K, used 5105K [0x00000000d6000000, 0x00000000daa00000, 0x0000000100000000)
  eden space 65536K, 0% used [0x00000000d6000000,0x00000000d6000000,0x00000000da000000)
  from space 5120K, 99% used [0x00000000da500000,0x00000000da9fc440,0x00000000daa00000)
  to   space 5120K, 0% used [0x00000000da000000,0x00000000da000000,0x00000000da500000)
 ParOldGen       total 86016K, used 7514K [0x0000000082000000, 0x0000000087400000, 0x00000000d6000000)
  object space 86016K, 8% used [0x0000000082000000,0x0000000082756878,0x0000000087400000)
 Metaspace       used 16358K, capacity 16704K, committed 16896K, reserved 1064960K
  class space    used 1952K, capacity 2046K, committed 2048K, reserved 1048576K
}
Event: 7.610 GC heap before
{Heap before GC invocations=5 (full 0):
 PSYoungGen      total 70656K, used 55756K [0x00000000d6000000, 0x00000000daa00000, 0x0000000100000000)
  eden space 65536K, 77% used [0x00000000d6000000,0x00000000d9176dc0,0x00000000da000000)
  from space 5120K, 99% used [0x00000000da500000,0x00000000da9fc440,0x00000000daa00000)
  to   space 5120K, 0% used [0x00000000da000000,0x00000000da000000,0x00000000da500000)
 ParOldGen       total 86016K, used 7514K [0x0000000082000000, 0x0000000087400000, 0x00000000d6000000)
  object space 86016K, 8% used [0x0000000082000000,0x0000000082756878,0x0000000087400000)
 Metaspace       used 20682K, capacity 21176K, committed 21296K, reserved 1069056K
  class space    used 2502K, capacity 2645K, committed 2688K, reserved 1048576K
Event: 7.657 GC heap after
Heap after GC invocations=5 (full 0):
 PSYoungGen      total 70656K, used 5089K [0x00000000d6000000, 0x00000000daa00000, 0x0000000100000000)
  eden space 65536K, 0% used [0x00000000d6000000,0x00000000d6000000,0x00000000da000000)
  from space 5120K, 99% used [0x00000000da000000,0x00000000da4f8450,0x00000000da500000)
  to   space 5120K, 0% used [0x00000000da500000,0x00000000da500000,0x00000000daa00000)
 ParOldGen       total 86016K, used 11290K [0x0000000082000000, 0x0000000087400000, 0x00000000d6000000)
  object space 86016K, 13% used [0x0000000082000000,0x0000000082b06930,0x0000000087400000)
 Metaspace       used 20682K, capacity 21176K, committed 21296K, reserved 1069056K
  class space    used 2502K, capacity 2645K, committed 2688K, reserved 1048576K
}
Event: 7.657 GC heap before
{Heap before GC invocations=6 (full 1):
 PSYoungGen      total 70656K, used 5089K [0x00000000d6000000, 0x00000000daa00000, 0x0000000100000000)
  eden space 65536K, 0% used [0x00000000d6000000,0x00000000d6000000,0x00000000da000000)
  from space 5120K, 99% used [0x00000000da000000,0x00000000da4f8450,0x00000000da500000)
  to   space 5120K, 0% used [0x00000000da500000,0x00000000da500000,0x00000000daa00000)
 ParOldGen       total 86016K, used 11290K [0x0000000082000000, 0x0000000087400000, 0x00000000d6000000)
  object space 86016K, 13% used [0x0000000082000000,0x0000000082b06930,0x0000000087400000)
 Metaspace       used 20682K, capacity 21176K, committed 21296K, reserved 1069056K
  class space    used 2502K, capacity 2645K, committed 2688K, reserved 1048576K
Event: 7.761 GC heap after
Heap after GC invocations=6 (full 1):
 PSYoungGen      total 70656K, used 0K [0x00000000d6000000, 0x00000000daa00000, 0x0000000100000000)
  eden space 65536K, 0% used [0x00000000d6000000,0x00000000d6000000,0x00000000da000000)
  from space 5120K, 0% used [0x00000000da000000,0x00000000da000000,0x00000000da500000)
  to   space 5120K, 0% used [0x00000000da500000,0x00000000da500000,0x00000000daa00000)
 ParOldGen       total 65024K, used 10756K [0x0000000082000000, 0x0000000085f80000, 0x00000000d6000000)
  object space 65024K, 16% used [0x0000000082000000,0x0000000082a813b0,0x0000000085f80000)
 Metaspace       used 20682K, capacity 21176K, committed 21296K, reserved 1069056K
  class space    used 2502K, capacity 2645K, committed 2688K, reserved 1048576K
}
Event: 10.352 GC heap before
{Heap before GC invocations=7 (full 1):
 PSYoungGen      total 70656K, used 65536K [0x00000000d6000000, 0x00000000daa00000, 0x0000000100000000)
  eden space 65536K, 100% used [0x00000000d6000000,0x00000000da000000,0x00000000da000000)
  from space 5120K, 0% used [0x00000000da000000,0x00000000da000000,0x00000000da500000)
  to   space 5120K, 0% used [0x00000000da500000,0x00000000da500000,0x00000000daa00000)
 ParOldGen       total 65024K, used 10756K [0x0000000082000000, 0x0000000085f80000, 0x00000000d6000000)
  object space 65024K, 16% used [0x0000000082000000,0x0000000082a813b0,0x0000000085f80000)
 Metaspace       used 23577K, capacity 24196K, committed 24448K, reserved 1071104K
  class space    used 2753K, capacity 2909K, committed 2944K, reserved 1048576K
Event: 10.364 GC heap after
Heap after GC invocations=7 (full 1):
 PSYoungGen      total 63488K, used 5094K [0x00000000d6000000, 0x00000000dd580000, 0x0000000100000000)
  eden space 58368K, 0% used [0x00000000d6000000,0x00000000d6000000,0x00000000d9900000)
  from space 5120K, 99% used [0x00000000da500000,0x00000000da9f9840,0x00000000daa00000)
  to   space 12288K, 0% used [0x00000000d9900000,0x00000000d9900000,0x00000000da500000)
 ParOldGen       total 65024K, used 17951K [0x0000000082000000, 0x0000000085f80000, 0x00000000d6000000)
  object space 65024K, 27% used [0x0000000082000000,0x0000000083187f30,0x0000000085f80000)
 Metaspace       used 23577K, capacity 24196K, committed 24448K, reserved 1071104K
  class space    used 2753K, capacity 2909K, committed 2944K, reserved 1048576K
}

Deoptimization events (10 events):
Event: 10.654 Thread 0x00000000027c2800 Uncommon trap: reason=class_check action=maybe_recompile pc=0x0000000003022548 method=java.util.Hashtable.get(Ljava/lang/Object;)Ljava/lang/Object; @ 6
Event: 10.656 Thread 0x00000000027c2800 Uncommon trap: reason=class_check action=maybe_recompile pc=0x0000000002fe4000 method=java.util.Hashtable.put(Ljava/lang/Object;Ljava/lang/Object;)Ljava/lang/Object; @ 18
Event: 10.667 Thread 0x00000000027c2800 Uncommon trap: reason=class_check action=maybe_recompile pc=0x0000000003022548 method=java.util.Hashtable.get(Ljava/lang/Object;)Ljava/lang/Object; @ 6
Event: 10.670 Thread 0x00000000027c2800 Uncommon trap: reason=class_check action=maybe_recompile pc=0x0000000002fe4000 method=java.util.Hashtable.put(Ljava/lang/Object;Ljava/lang/Object;)Ljava/lang/Object; @ 18
Event: 10.703 Thread 0x00000000027c2800 Uncommon trap: reason=class_check action=maybe_recompile pc=0x0000000002fe4000 method=java.util.Hashtable.put(Ljava/lang/Object;Ljava/lang/Object;)Ljava/lang/Object; @ 18
Event: 10.965 Thread 0x00000000027c2800 Uncommon trap: reason=speculate_class_check action=maybe_recompile pc=0x00000000029dcb9c method=java.util.ArrayList.<init>(Ljava/util/Collection;)V @ 36
Event: 10.975 Thread 0x00000000027c2800 Uncommon trap: reason=speculate_class_check action=maybe_recompile pc=0x00000000029dcb9c method=java.util.ArrayList.<init>(Ljava/util/Collection;)V @ 36
Event: 10.981 Thread 0x00000000027c2800 Uncommon trap: reason=unstable_if action=reinterpret pc=0x0000000002f8b00c method=java.lang.reflect.Field.get(Ljava/lang/Object;)Ljava/lang/Object; @ 4
Event: 10.987 Thread 0x00000000027c2800 Uncommon trap: reason=speculate_class_check action=maybe_recompile pc=0x00000000029dcb9c method=java.util.ArrayList.<init>(Ljava/util/Collection;)V @ 36
Event: 10.988 Thread 0x00000000027c2800 Uncommon trap: reason=speculate_class_check action=maybe_recompile pc=0x00000000029dcb9c method=java.util.ArrayList.<init>(Ljava/util/Collection;)V @ 36

Classes redefined (0 events):
No events

Internal exceptions (10 events):
Event: 3.475 Thread 0x00000000027c2800 Implicit null exception at 0x0000000002a73718 to 0x0000000002a738d1
Event: 3.933 Thread 0x00000000027c2800 Implicit null exception at 0x0000000002cc4195 to 0x0000000002cc436d
Event: 3.933 Thread 0x00000000027c2800 Implicit null exception at 0x0000000002c993af to 0x0000000002c99419
Event: 3.986 Thread 0x00000000027c2800 Implicit null exception at 0x0000000002c74b58 to 0x0000000002c74be6
Event: 4.112 Thread 0x00000000027c2800 Implicit null exception at 0x0000000002f7e925 to 0x0000000002f7fafd
Event: 7.162 Thread 0x00000000027c2800 Implicit null exception at 0x000000000322c6f1 to 0x000000000322d7ed
Event: 7.287 Thread 0x00000000027c2800 Exception <a 'java/lang/ClassNotFoundException': com/sun/tools/javac/api/JavacTool> (0x00000000d83f86f8) thrown at [C:\re\workspace\8-2-build-windows-amd64-cygwin\jdk8u231\13620\hotspot\src\share\vm\classfile\systemDictionary.cpp, line 210]
Event: 8.125 Thread 0x00000000027c2800 Exception <a 'java/io/FileNotFoundException'> (0x00000000d6917b80) thrown at [C:\re\workspace\8-2-build-windows-amd64-cygwin\jdk8u231\13620\hotspot\src\share\vm\prims\jni.cpp, line 710]
Event: 8.133 Thread 0x00000000027c2800 Exception <a 'java/io/FileNotFoundException'> (0x00000000d69707b0) thrown at [C:\re\workspace\8-2-build-windows-amd64-cygwin\jdk8u231\13620\hotspot\src\share\vm\prims\jni.cpp, line 710]
Event: 10.625 Thread 0x00000000027c2800 Exception <a 'java/io/FileNotFoundException'> (0x00000000d6e18fe8) thrown at [C:\re\workspace\8-2-build-windows-amd64-cygwin\jdk8u231\13620\hotspot\src\share\vm\prims\jni.cpp, line 710]

Events (10 events):
Event: 11.043 loading class com/sun/org/apache/xerces/internal/parsers/XML11Configuration done
Event: 11.043 loading class com/sun/org/apache/xerces/internal/parsers/XIncludeAwareParserConfiguration done
Event: 11.044 loading class jdk/xml/internal/JdkXmlUtils
Event: 11.044 loading class jdk/xml/internal/JdkXmlUtils done
Event: 11.044 loading class jdk/xml/internal/SecuritySupport
Event: 11.044 loading class jdk/xml/internal/SecuritySupport done
Event: 11.044 loading class jdk/xml/internal/SecuritySupport$1
Event: 11.045 loading class jdk/xml/internal/SecuritySupport$1 done
Event: 11.045 loading class jdk/xml/internal/SecuritySupport$2
Event: 11.045 loading class jdk/xml/internal/SecuritySupport$2 done


Dynamic libraries:
0x00007ff6e3120000 - 0x00007ff6e3157000 	C:\Program Files\Java\jdk1.8.0_231\bin\java.exe
0x00007ff9ff4e0000 - 0x00007ff9ff6d0000 	C:\WINDOWS\SYSTEM32\ntdll.dll
0x00007ff9fe040000 - 0x00007ff9fe0f2000 	C:\WINDOWS\System32\KERNEL32.DLL
0x00007ff9fd010000 - 0x00007ff9fd2b3000 	C:\WINDOWS\System32\KERNELBASE.dll
0x00007ff9fdf90000 - 0x00007ff9fe033000 	C:\WINDOWS\System32\ADVAPI32.dll
0x00007ff9fe250000 - 0x00007ff9fe2ee000 	C:\WINDOWS\System32\msvcrt.dll
0x00007ff9fd590000 - 0x00007ff9fd627000 	C:\WINDOWS\System32\sechost.dll
0x00007ff9fe540000 - 0x00007ff9fe660000 	C:\WINDOWS\System32\RPCRT4.dll
0x00007ff9ff150000 - 0x00007ff9ff2e4000 	C:\WINDOWS\System32\USER32.dll
0x00007ff9fc840000 - 0x00007ff9fc861000 	C:\WINDOWS\System32\win32u.dll
0x00007ff9fe300000 - 0x00007ff9fe326000 	C:\WINDOWS\System32\GDI32.dll
0x00007ff9fd2c0000 - 0x00007ff9fd454000 	C:\WINDOWS\System32\gdi32full.dll
0x00007ff9fc470000 - 0x00007ff9fc50e000 	C:\WINDOWS\System32\msvcp_win.dll
0x00007ff9fd490000 - 0x00007ff9fd58a000 	C:\WINDOWS\System32\ucrtbase.dll
0x00007ff9eded0000 - 0x00007ff9ee155000 	C:\WINDOWS\WinSxS\amd64_microsoft.windows.common-controls_6595b64144ccf1df_6.0.18362.657_none_e6c5b579130e3898\COMCTL32.dll
0x00007ff9fd630000 - 0x00007ff9fd966000 	C:\WINDOWS\System32\combase.dll
0x00007ff9fc6b0000 - 0x00007ff9fc730000 	C:\WINDOWS\System32\bcryptPrimitives.dll
0x00007ff9ff0b0000 - 0x00007ff9ff0de000 	C:\WINDOWS\System32\IMM32.DLL
0x0000000072a30000 - 0x0000000072b02000 	C:\Program Files\Java\jdk1.8.0_231\jre\bin\msvcr100.dll
0x00000000718d0000 - 0x0000000072176000 	C:\Program Files\Java\jdk1.8.0_231\jre\bin\server\jvm.dll
0x00007ff9ff2f0000 - 0x00007ff9ff2f8000 	C:\WINDOWS\System32\PSAPI.DLL
0x00007ff9f4490000 - 0x00007ff9f449a000 	C:\WINDOWS\SYSTEM32\VERSION.dll
0x00007ff9f7cd0000 - 0x00007ff9f7cf4000 	C:\WINDOWS\SYSTEM32\WINMM.dll
0x00007ff9faeb0000 - 0x00007ff9faeb9000 	C:\WINDOWS\SYSTEM32\WSOCK32.dll
0x00007ff9f7ca0000 - 0x00007ff9f7ccd000 	C:\WINDOWS\SYSTEM32\WINMMBASE.dll
0x00007ff9ff0e0000 - 0x00007ff9ff14f000 	C:\WINDOWS\System32\WS2_32.dll
0x00007ff9fc660000 - 0x00007ff9fc6aa000 	C:\WINDOWS\System32\cfgmgr32.dll
0x00007ff9f6010000 - 0x00007ff9f601f000 	C:\Program Files\Java\jdk1.8.0_231\jre\bin\verify.dll
0x00007ff9de3c0000 - 0x00007ff9de3e9000 	C:\Program Files\Java\jdk1.8.0_231\jre\bin\java.dll
0x00007ff9ee630000 - 0x00007ff9ee653000 	C:\Program Files\Java\jdk1.8.0_231\jre\bin\instrument.dll
0x00007ff9d6a00000 - 0x00007ff9d6a16000 	C:\Program Files\Java\jdk1.8.0_231\jre\bin\zip.dll
0x00007ff9fe9c0000 - 0x00007ff9ff0a5000 	C:\WINDOWS\System32\SHELL32.dll
0x00007ff9fe680000 - 0x00007ff9fe729000 	C:\WINDOWS\System32\shcore.dll
0x00007ff9fc870000 - 0x00007ff9fcfef000 	C:\WINDOWS\System32\windows.storage.dll
0x00007ff9fc400000 - 0x00007ff9fc41f000 	C:\WINDOWS\System32\profapi.dll
0x00007ff9fc420000 - 0x00007ff9fc46a000 	C:\WINDOWS\System32\powrprof.dll
0x00007ff9fc3b0000 - 0x00007ff9fc3c0000 	C:\WINDOWS\System32\UMPDC.dll
0x00007ff9fe100000 - 0x00007ff9fe152000 	C:\WINDOWS\System32\shlwapi.dll
0x00007ff9fc3e0000 - 0x00007ff9fc3f1000 	C:\WINDOWS\System32\kernel.appcore.dll
0x00007ff9fcff0000 - 0x00007ff9fd007000 	C:\WINDOWS\System32\cryptsp.dll
0x00007ff9e4300000 - 0x00007ff9e431a000 	C:\Program Files\JetBrains\IntelliJ IDEA 2019.3.1\bin\breakgen64.dll
0x00007ff9cc940000 - 0x00007ff9cc95a000 	C:\Program Files\Java\jdk1.8.0_231\jre\bin\net.dll
0x00007ff9fbc20000 - 0x00007ff9fbc87000 	C:\WINDOWS\system32\mswsock.dll
0x00007ff9fb790000 - 0x00007ff9fb7c3000 	C:\WINDOWS\system32\rsaenh.dll
0x00007ff9fd460000 - 0x00007ff9fd486000 	C:\WINDOWS\System32\bcrypt.dll
0x00007ff9fc2d0000 - 0x00007ff9fc2f5000 	C:\WINDOWS\SYSTEM32\USERENV.dll
0x00007ff9fbdf0000 - 0x00007ff9fbdfc000 	C:\WINDOWS\SYSTEM32\CRYPTBASE.dll
0x00007ff9fb930000 - 0x00007ff9fb96a000 	C:\WINDOWS\SYSTEM32\IPHLPAPI.DLL
0x00007ff9fe9b0000 - 0x00007ff9fe9b8000 	C:\WINDOWS\System32\NSI.dll
0x00007ff9f25c0000 - 0x00007ff9f25d6000 	C:\WINDOWS\SYSTEM32\dhcpcsvc6.DLL
0x00007ff9f3c00000 - 0x00007ff9f3c1c000 	C:\WINDOWS\SYSTEM32\dhcpcsvc.DLL
0x00007ff9fb970000 - 0x00007ff9fba3a000 	C:\WINDOWS\SYSTEM32\DNSAPI.dll
0x00007ff9cc800000 - 0x00007ff9cc812000 	C:\Program Files\Java\jdk1.8.0_231\jre\bin\nio.dll
0x00007ff9f6000000 - 0x00007ff9f600a000 	C:\Users\l8124\AppData\Local\Temp\jansi-1.16-2107845552090416913.dll
0x00007ff9ee520000 - 0x00007ff9ee52a000 	C:\Users\l8124\AppData\Local\Temp\jansi-1.16-1273467462999521651.dll
0x00007ff9f6040000 - 0x00007ff9f604d000 	C:\Program Files\Java\jdk1.8.0_231\jre\bin\management.dll

VM Arguments:
jvm_args: -Dmaven.multiModuleProjectDirectory=D:\JavaSE\travel -DarchetypeCatalog=internal -Dfile.encoding=GB2312 -Dmaven.home=D:\apache-maven-3.5.2 -Dclassworlds.conf=D:\apache-maven-3.5.2\bin\m2.conf -Dmaven.ext.class.path=C:\Program Files\JetBrains\IntelliJ IDEA 2019.3.1\plugins\maven\lib\maven-event-listener.jar -javaagent:C:\Program Files\JetBrains\IntelliJ IDEA 2019.3.1\lib\idea_rt.jar=49436:C:\Program Files\JetBrains\IntelliJ IDEA 2019.3.1\bin 
java_command: org.codehaus.classworlds.Launcher -Didea.version2019.3.1 -s D:\apache-maven-3.5.2\conf\settings.xml tomcat7:run
java_class_path (initial): D:\apache-maven-3.5.2\boot\plexus-classworlds-2.5.2.jar;C:\Program Files\JetBrains\IntelliJ IDEA 2019.3.1\lib\idea_rt.jar
Launcher Type: SUN_STANDARD

Environment Variables:
JAVA_HOME=C:\Program Files\Java\jdk1.8.0_231
CLASSPATH= .;C:\Program Files\Java\jdk1.8.0_231\lib\dt.jar;C:\Program Files\Java\jdk1.8.0_231\lib\tools.jar;
PATH=C:\Program Files (x86)\Common Files\Oracle\Java\javapath;C:\Program Files\Java\jdk1.8.0_231\bin\;C:\Program Files (x86)\Intel\iCLS Client\;C:\Program Files\Intel\iCLS Client\;C:\Windows\system32;C:\Windows;C:\Windows\System32\Wbem;C:\Windows\System32\WindowsPowerShell\v1.0\;C:\Program Files (x86)\NVIDIA Corporation\PhysX\Common;C:\Program Files (x86)\Intel\Intel(R) Management Engine Components\DAL;C:\Program Files\Intel\Intel(R) Management Engine Components\DAL;C:\Program Files (x86)\Intel\Intel(R) Management Engine Components\IPT;C:\Program Files\Intel\Intel(R) Management Engine Components\IPT;C:\MinGW\bin;C:\WINDOWS\system32;C:\WINDOWS;C:\WINDOWS\System32\Wbem;C:\WINDOWS\System32\WindowsPowerShell\v1.0\;C:\WINDOWS\System32\OpenSSH\;C:\Program Files\NVIDIA Corporation\NVIDIA NvDLISR;C:\WINDOWS\system32;C:\WINDOWS;C:\WINDOWS\System32\Wbem;C:\WINDOWS\System32\WindowsPowerShell\v1.0\;C:\WINDOWS\System32\OpenSSH\;C:\Program Files\Intel\WiFi\bin\;C:\Program Files\Common Files\Intel\WirelessCommon\;D:\apache-maven-3.5.2\bin;C:\Users\l8124\AppData\Local\Microsoft\WindowsApps;C:\MinGW\bin;C:\Users\l8124\AppData\Local\GitHubDesktop\bin;C:\Users\l8124\AppData\Local\BypassRuntm;%USERPROFILE%\AppData\Local\Microsoft\WindowsApps;
USERNAME=l8124
OS=Windows_NT
PROCESSOR_IDENTIFIER=Intel64 Family 6 Model 94 Stepping 3, GenuineIntel



---------------  S Y S T E M  ---------------

OS: Windows 10.0 , 64 bit Build 18362 (10.0.18362.329)

CPU:total 4 (initial active 4) (4 cores per cpu, 1 threads per core) family 6 model 94 stepping 3, cmov, cx8, fxsr, mmx, sse, sse2, sse3, ssse3, sse4.1, sse4.2, popcnt, avx, avx2, aes, clmul, erms, rtm, 3dnowpref, lzcnt, tsc, tscinvbit, bmi1, bmi2, adx

Memory: 4k page, physical 8256092k(1317144k free), swap 8256092k(9144k free)

vm_info: Java HotSpot(TM) 64-Bit Server VM (25.231-b11) for windows-amd64 JRE (1.8.0_231-b11), built on Oct  5 2019 03:11:30 by "java_re" with MS VC++ 10.0 (VS2010)

time: Tue Feb 25 21:14:00 2020
timezone: 中国标准时间
elapsed time: 11 seconds (0d 0h 0m 11s)

